This is pdfTeX, Version 3.14159265-2.6-1.40.16 (TeX Live 2015) (preloaded format=pdflatex 2016.1.10)  29 JAN 2019 11:14
entering extended mode
 restricted \write18 enabled.
 file:line:error style messages enabled.
 %&-line parsing enabled.
**main.tex
(./main.tex
LaTeX2e <2015/01/01>
Babel <3.9l> and hyphenation patterns for 79 languages loaded.
(/usr/local/texlive/2015/texmf-dist/tex/latex/base/article.cls
Document Class: article 2014/09/29 v1.4h Standard LaTeX document class
(/usr/local/texlive/2015/texmf-dist/tex/latex/base/size10.clo
File: size10.clo 2014/09/29 v1.4h Standard LaTeX file (size option)
)
\c@part=\count79
\c@section=\count80
\c@subsection=\count81
\c@subsubsection=\count82
\c@paragraph=\count83
\c@subparagraph=\count84
\c@figure=\count85
\c@table=\count86
\abovecaptionskip=\skip41
\belowcaptionskip=\skip42
\bibindent=\dimen102
)
(/usr/local/texlive/2015/texmf-dist/tex/latex/amsfonts/amssymb.sty
Package: amssymb 2013/01/14 v3.01 AMS font symbols

(/usr/local/texlive/2015/texmf-dist/tex/latex/amsfonts/amsfonts.sty
Package: amsfonts 2013/01/14 v3.01 Basic AMSFonts support
\@emptytoks=\toks14
\symAMSa=\mathgroup4
\symAMSb=\mathgroup5
LaTeX Font Info:    Overwriting math alphabet `\mathfrak' in version `bold'
(Font)                  U/euf/m/n --> U/euf/b/n on input line 106.
))
(./algorithm.sty
Package: algorithm 

Document Style `algorithm' - floating environment
(/usr/local/texlive/2015/texmf-dist/tex/latex/float/float.sty
Package: float 2001/11/08 v1.3d Float enhancements (AL)
\c@float@type=\count87
\float@exts=\toks15
\float@box=\box26
\@float@everytoks=\toks16
\@floatcapt=\box27
)
(/usr/local/texlive/2015/texmf-dist/tex/latex/base/ifthen.sty
Package: ifthen 2014/09/29 v1.1c Standard LaTeX ifthen package (DPC)
)
\@float@every@algorithm=\toks17
\c@algorithm=\count88
)
(/usr/local/texlive/2015/texmf-dist/tex/latex/caption/caption.sty
Package: caption 2013/05/02 v3.3-89 Customizing captions (AR)

(/usr/local/texlive/2015/texmf-dist/tex/latex/caption/caption3.sty
Package: caption3 2013/05/02 v1.6-88 caption3 kernel (AR)
Package caption3 Info: TeX engine: e-TeX on input line 57.

(/usr/local/texlive/2015/texmf-dist/tex/latex/graphics/keyval.sty
Package: keyval 2014/10/28 v1.15 key=value parser (DPC)
\KV@toks@=\toks18
)
\captionmargin=\dimen103
\captionmargin@=\dimen104
\captionwidth=\dimen105
\caption@tempdima=\dimen106
\caption@indent=\dimen107
\caption@parindent=\dimen108
\caption@hangindent=\dimen109
)
\c@ContinuedFloat=\count89
Package caption Info: float package is loaded.
)
(/usr/local/texlive/2015/texmf-dist/tex/latex/amsmath/amsmath.sty
Package: amsmath 2013/01/14 v2.14 AMS math features
\@mathmargin=\skip43

For additional information on amsmath, use the `?' option.
(/usr/local/texlive/2015/texmf-dist/tex/latex/amsmath/amstext.sty
Package: amstext 2000/06/29 v2.01

(/usr/local/texlive/2015/texmf-dist/tex/latex/amsmath/amsgen.sty
File: amsgen.sty 1999/11/30 v2.0
\@emptytoks=\toks19
\ex@=\dimen110
))
(/usr/local/texlive/2015/texmf-dist/tex/latex/amsmath/amsbsy.sty
Package: amsbsy 1999/11/29 v1.2d
\pmbraise@=\dimen111
)
(/usr/local/texlive/2015/texmf-dist/tex/latex/amsmath/amsopn.sty
Package: amsopn 1999/12/14 v2.01 operator names
)
\inf@bad=\count90
LaTeX Info: Redefining \frac on input line 210.
\uproot@=\count91
\leftroot@=\count92
LaTeX Info: Redefining \overline on input line 306.
\classnum@=\count93
\DOTSCASE@=\count94
LaTeX Info: Redefining \ldots on input line 378.
LaTeX Info: Redefining \dots on input line 381.
LaTeX Info: Redefining \cdots on input line 466.
\Mathstrutbox@=\box28
\strutbox@=\box29
\big@size=\dimen112
LaTeX Font Info:    Redeclaring font encoding OML on input line 566.
LaTeX Font Info:    Redeclaring font encoding OMS on input line 567.
\macc@depth=\count95
\c@MaxMatrixCols=\count96
\dotsspace@=\muskip10
\c@parentequation=\count97
\dspbrk@lvl=\count98
\tag@help=\toks20
\row@=\count99
\column@=\count100
\maxfields@=\count101
\andhelp@=\toks21
\eqnshift@=\dimen113
\alignsep@=\dimen114
\tagshift@=\dimen115
\tagwidth@=\dimen116
\totwidth@=\dimen117
\lineht@=\dimen118
\@envbody=\toks22
\multlinegap=\skip44
\multlinetaggap=\skip45
\mathdisplay@stack=\toks23
LaTeX Info: Redefining \[ on input line 2665.
LaTeX Info: Redefining \] on input line 2666.
)
(/usr/local/texlive/2015/texmf-dist/tex/latex/amscls/amsthm.sty
Package: amsthm 2015/03/04 v2.20.2
\thm@style=\toks24
\thm@bodyfont=\toks25
\thm@headfont=\toks26
\thm@notefont=\toks27
\thm@headpunct=\toks28
\thm@preskip=\skip46
\thm@postskip=\skip47
\thm@headsep=\skip48
\dth@everypar=\toks29
)
(/usr/local/texlive/2015/texmf-dist/tex/latex/graphics/graphicx.sty
Package: graphicx 2014/10/28 v1.0g Enhanced LaTeX Graphics (DPC,SPQR)

(/usr/local/texlive/2015/texmf-dist/tex/latex/graphics/graphics.sty
Package: graphics 2014/10/28 v1.0p Standard LaTeX Graphics (DPC,SPQR)

(/usr/local/texlive/2015/texmf-dist/tex/latex/graphics/trig.sty
Package: trig 1999/03/16 v1.09 sin cos tan (DPC)
)
(/usr/local/texlive/2015/texmf-dist/tex/latex/latexconfig/graphics.cfg
File: graphics.cfg 2010/04/23 v1.9 graphics configuration of TeX Live
)
Package graphics Info: Driver file: pdftex.def on input line 94.

(/usr/local/texlive/2015/texmf-dist/tex/latex/pdftex-def/pdftex.def
File: pdftex.def 2011/05/27 v0.06d Graphics/color for pdfTeX

(/usr/local/texlive/2015/texmf-dist/tex/generic/oberdiek/infwarerr.sty
Package: infwarerr 2010/04/08 v1.3 Providing info/warning/error messages (HO)
)
(/usr/local/texlive/2015/texmf-dist/tex/generic/oberdiek/ltxcmds.sty
Package: ltxcmds 2011/11/09 v1.22 LaTeX kernel commands for general use (HO)
)
\Gread@gobject=\count102
))
\Gin@req@height=\dimen119
\Gin@req@width=\dimen120
)
(/usr/local/texlive/2015/texmf-dist/tex/latex/subfigure/subfigure.sty
Package: subfigure 2002/03/15 v2.1.5 subfigure package
\subfigtopskip=\skip49
\subfigcapskip=\skip50
\subfigcaptopadj=\dimen121
\subfigbottomskip=\skip51
\subfigcapmargin=\dimen122
\subfiglabelskip=\skip52
\c@subfigure=\count103
\c@lofdepth=\count104
\c@subtable=\count105
\c@lotdepth=\count106

****************************************
* Local config file subfigure.cfg used *
****************************************
(/usr/local/texlive/2015/texmf-dist/tex/latex/subfigure/subfigure.cfg)
\subfig@top=\skip53
\subfig@bottom=\skip54
)
(/usr/local/texlive/2015/texmf-dist/tex/latex/tools/tabularx.sty
Package: tabularx 2014/10/28 v2.10 `tabularx' package (DPC)

(/usr/local/texlive/2015/texmf-dist/tex/latex/tools/array.sty
Package: array 2014/10/28 v2.4c Tabular extension package (FMi)
\col@sep=\dimen123
\extrarowheight=\dimen124
\NC@list=\toks30
\extratabsurround=\skip55
\backup@length=\skip56
)
\TX@col@width=\dimen125
\TX@old@table=\dimen126
\TX@old@col=\dimen127
\TX@target=\dimen128
\TX@delta=\dimen129
\TX@cols=\count107
\TX@ftn=\toks31
)
(/usr/local/texlive/2015/texmf-dist/tex/latex/psnfss/pifont.sty
Package: pifont 2005/04/12 PSNFSS-v9.2a Pi font support (SPQR) 
LaTeX Font Info:    Try loading font information for U+pzd on input line 63.

(/usr/local/texlive/2015/texmf-dist/tex/latex/psnfss/upzd.fd
File: upzd.fd 2001/06/04 font definitions for U/pzd.
)
LaTeX Font Info:    Try loading font information for U+psy on input line 64.

(/usr/local/texlive/2015/texmf-dist/tex/latex/psnfss/upsy.fd
File: upsy.fd 2001/06/04 font definitions for U/psy.
))
(/usr/local/texlive/2015/texmf-dist/tex/latex/algorithmicx/algpseudocode.sty
Package: algpseudocode 

(/usr/local/texlive/2015/texmf-dist/tex/latex/algorithmicx/algorithmicx.sty
Package: algorithmicx 2005/04/27 v1.2 Algorithmicx

Document Style algorithmicx 1.2 - a greatly improved `algorithmic' style
\c@ALG@line=\count108
\c@ALG@rem=\count109
\c@ALG@nested=\count110
\ALG@tlm=\skip57
\ALG@thistlm=\skip58
\c@ALG@Lnr=\count111
\c@ALG@blocknr=\count112
\c@ALG@storecount=\count113
\c@ALG@tmpcounter=\count114
\ALG@tmplength=\skip59
)
Document Style - pseudocode environments for use with the `algorithmicx' style
) (/usr/local/texlive/2015/texmf-dist/tex/latex/tools/bm.sty
Package: bm 2014/10/28 v1.1c Bold Symbol Support (DPC/FMi)
\symboldoperators=\mathgroup6
\symboldletters=\mathgroup7
\symboldsymbols=\mathgroup8
LaTeX Font Info:    Redeclaring math alphabet \mathbf on input line 141.
LaTeX Info: Redefining \bm on input line 207.
)
(/usr/local/texlive/2015/texmf-dist/tex/latex/preprint/balance.sty
Package: balance 1999/02/23 4.3 (PWD)
\oldvsize=\dimen130
)
(/usr/local/texlive/2015/texmf-dist/tex/latex/multirow/multirow.sty
\bigstrutjot=\dimen131
)
(/usr/local/texlive/2015/texmf-dist/tex/latex/preprint/fullpage.sty
Package: fullpage 1999/02/23 1.1 (PWD)
\FP@margin=\skip60
)
(/usr/local/texlive/2015/texmf-dist/tex/latex/graphics/color.sty
Package: color 2014/10/28 v1.1a Standard LaTeX Color (DPC)

(/usr/local/texlive/2015/texmf-dist/tex/latex/latexconfig/color.cfg
File: color.cfg 2007/01/18 v1.5 color configuration of teTeX/TeXLive
)
Package color Info: Driver file: pdftex.def on input line 142.
)
(/usr/local/texlive/2015/texmf-dist/tex/latex/hyperref/hyperref.sty
Package: hyperref 2012/11/06 v6.83m Hypertext links for LaTeX

(/usr/local/texlive/2015/texmf-dist/tex/generic/oberdiek/hobsub-hyperref.sty
Package: hobsub-hyperref 2012/05/28 v1.13 Bundle oberdiek, subset hyperref (HO)


(/usr/local/texlive/2015/texmf-dist/tex/generic/oberdiek/hobsub-generic.sty
Package: hobsub-generic 2012/05/28 v1.13 Bundle oberdiek, subset generic (HO)
Package: hobsub 2012/05/28 v1.13 Construct package bundles (HO)
Package hobsub Info: Skipping package `infwarerr' (already loaded).
Package hobsub Info: Skipping package `ltxcmds' (already loaded).
Package: ifluatex 2010/03/01 v1.3 Provides the ifluatex switch (HO)
Package ifluatex Info: LuaTeX not detected.
Package: ifvtex 2010/03/01 v1.5 Detect VTeX and its facilities (HO)
Package ifvtex Info: VTeX not detected.
Package: intcalc 2007/09/27 v1.1 Expandable calculations with integers (HO)
Package: ifpdf 2011/01/30 v2.3 Provides the ifpdf switch (HO)
Package ifpdf Info: pdfTeX in PDF mode is detected.
Package: etexcmds 2011/02/16 v1.5 Avoid name clashes with e-TeX commands (HO)
Package etexcmds Info: Could not find \expanded.
(etexcmds)             That can mean that you are not using pdfTeX 1.50 or
(etexcmds)             that some package has redefined \expanded.
(etexcmds)             In the latter case, load this package earlier.
Package: kvsetkeys 2012/04/25 v1.16 Key value parser (HO)
Package: kvdefinekeys 2011/04/07 v1.3 Define keys (HO)
Package: pdftexcmds 2011/11/29 v0.20 Utility functions of pdfTeX for LuaTeX (HO
)
Package pdftexcmds Info: LuaTeX not detected.
Package pdftexcmds Info: \pdf@primitive is available.
Package pdftexcmds Info: \pdf@ifprimitive is available.
Package pdftexcmds Info: \pdfdraftmode found.
Package: pdfescape 2011/11/25 v1.13 Implements pdfTeX's escape features (HO)
Package: bigintcalc 2012/04/08 v1.3 Expandable calculations on big integers (HO
)
Package: bitset 2011/01/30 v1.1 Handle bit-vector datatype (HO)
Package: uniquecounter 2011/01/30 v1.2 Provide unlimited unique counter (HO)
)
Package hobsub Info: Skipping package `hobsub' (already loaded).
Package: letltxmacro 2010/09/02 v1.4 Let assignment for LaTeX macros (HO)
Package: hopatch 2012/05/28 v1.2 Wrapper for package hooks (HO)
Package: xcolor-patch 2011/01/30 xcolor patch
Package: atveryend 2011/06/30 v1.8 Hooks at the very end of document (HO)
Package atveryend Info: \enddocument detected (standard20110627).
Package: atbegshi 2011/10/05 v1.16 At begin shipout hook (HO)
Package: refcount 2011/10/16 v3.4 Data extraction from label references (HO)
Package: hycolor 2011/01/30 v1.7 Color options for hyperref/bookmark (HO)
)
(/usr/local/texlive/2015/texmf-dist/tex/generic/ifxetex/ifxetex.sty
Package: ifxetex 2010/09/12 v0.6 Provides ifxetex conditional
)
(/usr/local/texlive/2015/texmf-dist/tex/latex/oberdiek/auxhook.sty
Package: auxhook 2011/03/04 v1.3 Hooks for auxiliary files (HO)
)
(/usr/local/texlive/2015/texmf-dist/tex/latex/oberdiek/kvoptions.sty
Package: kvoptions 2011/06/30 v3.11 Key value format for package options (HO)
)
\@linkdim=\dimen132
\Hy@linkcounter=\count115
\Hy@pagecounter=\count116

(/usr/local/texlive/2015/texmf-dist/tex/latex/hyperref/pd1enc.def
File: pd1enc.def 2012/11/06 v6.83m Hyperref: PDFDocEncoding definition (HO)
)
\Hy@SavedSpaceFactor=\count117

(/usr/local/texlive/2015/texmf-dist/tex/latex/latexconfig/hyperref.cfg
File: hyperref.cfg 2002/06/06 v1.2 hyperref configuration of TeXLive
)
Package hyperref Info: Option `colorlinks' set `true' on input line 4319.
Package hyperref Info: Hyper figures OFF on input line 4443.
Package hyperref Info: Link nesting OFF on input line 4448.
Package hyperref Info: Hyper index ON on input line 4451.
Package hyperref Info: Plain pages OFF on input line 4458.
Package hyperref Info: Backreferencing OFF on input line 4463.
Package hyperref Info: Implicit mode ON; LaTeX internals redefined.
Package hyperref Info: Bookmarks ON on input line 4688.
\c@Hy@tempcnt=\count118

(/usr/local/texlive/2015/texmf-dist/tex/latex/url/url.sty
\Urlmuskip=\muskip11
Package: url 2013/09/16  ver 3.4  Verb mode for urls, etc.
)
LaTeX Info: Redefining \url on input line 5041.
\XeTeXLinkMargin=\dimen133
\Fld@menulength=\count119
\Field@Width=\dimen134
\Fld@charsize=\dimen135
Package hyperref Info: Hyper figures OFF on input line 6295.
Package hyperref Info: Link nesting OFF on input line 6300.
Package hyperref Info: Hyper index ON on input line 6303.
Package hyperref Info: backreferencing OFF on input line 6310.
Package hyperref Info: Link coloring ON on input line 6313.
Package hyperref Info: Link coloring with OCG OFF on input line 6320.
Package hyperref Info: PDF/A mode OFF on input line 6325.
LaTeX Info: Redefining \ref on input line 6365.
LaTeX Info: Redefining \pageref on input line 6369.
\Hy@abspage=\count120
\c@Item=\count121
\c@Hfootnote=\count122
)

Package hyperref Message: Driver (autodetected): hpdftex.

(/usr/local/texlive/2015/texmf-dist/tex/latex/hyperref/hpdftex.def
File: hpdftex.def 2012/11/06 v6.83m Hyperref driver for pdfTeX
\Fld@listcount=\count123
\c@bookmark@seq@number=\count124

(/usr/local/texlive/2015/texmf-dist/tex/latex/oberdiek/rerunfilecheck.sty
Package: rerunfilecheck 2011/04/15 v1.7 Rerun checks for auxiliary files (HO)
Package uniquecounter Info: New unique counter `rerunfilecheck' on input line 2
82.
)
\Hy@SectionHShift=\skip61
)
(/usr/local/texlive/2015/texmf-dist/tex/latex/natbib/natbib.sty
Package: natbib 2010/09/13 8.31b (PWD, AO)
\bibhang=\skip62
\bibsep=\skip63
LaTeX Info: Redefining \cite on input line 694.
\c@NAT@ctr=\count125
)
(./yaweinewcomm.tex)
\c@Definition=\count126
\c@Theorem=\count127
\c@Lemma=\count128
\c@Corollary=\count129
\c@Assumption=\count130
\c@Proposition=\count131
\c@Remark=\count132
 (./main.aux

LaTeX Warning: Label `figure_ave_loss_topology_occupancy' multiply defined.


LaTeX Warning: Label `sub@figure_ave_loss_topology_occupancy' multiply defined.


)
\openout1 = `main.aux'.

LaTeX Font Info:    Checking defaults for OML/cmm/m/it on input line 70.
LaTeX Font Info:    ... okay on input line 70.
LaTeX Font Info:    Checking defaults for T1/cmr/m/n on input line 70.
LaTeX Font Info:    ... okay on input line 70.
LaTeX Font Info:    Checking defaults for OT1/cmr/m/n on input line 70.
LaTeX Font Info:    ... okay on input line 70.
LaTeX Font Info:    Checking defaults for OMS/cmsy/m/n on input line 70.
LaTeX Font Info:    ... okay on input line 70.
LaTeX Font Info:    Checking defaults for OMX/cmex/m/n on input line 70.
LaTeX Font Info:    ... okay on input line 70.
LaTeX Font Info:    Checking defaults for U/cmr/m/n on input line 70.
LaTeX Font Info:    ... okay on input line 70.
LaTeX Font Info:    Checking defaults for PD1/pdf/m/n on input line 70.
LaTeX Font Info:    ... okay on input line 70.
Package caption Info: Begin \AtBeginDocument code.
Package caption Info: hyperref package is loaded.
Package caption Info: subfigure package is loaded.
Package caption Info: End \AtBeginDocument code.
 (/usr/local/texlive/2015/texmf-dist/tex/context/base/supp-pdf.mkii
[Loading MPS to PDF converter (version 2006.09.02).]
\scratchcounter=\count133
\scratchdimen=\dimen136
\scratchbox=\box30
\nofMPsegments=\count134
\nofMParguments=\count135
\everyMPshowfont=\toks32
\MPscratchCnt=\count136
\MPscratchDim=\dimen137
\MPnumerator=\count137
\makeMPintoPDFobject=\count138
\everyMPtoPDFconversion=\toks33
) (/usr/local/texlive/2015/texmf-dist/tex/latex/oberdiek/epstopdf-base.sty
Package: epstopdf-base 2010/02/09 v2.5 Base part for package epstopdf

(/usr/local/texlive/2015/texmf-dist/tex/latex/oberdiek/grfext.sty
Package: grfext 2010/08/19 v1.1 Manage graphics extensions (HO)
)
Package grfext Info: Graphics extension search list:
(grfext)             [.png,.pdf,.jpg,.mps,.jpeg,.jbig2,.jb2,.PNG,.PDF,.JPG,.JPE
G,.JBIG2,.JB2,.eps]
(grfext)             \AppendGraphicsExtensions on input line 452.

(/usr/local/texlive/2015/texmf-dist/tex/latex/latexconfig/epstopdf-sys.cfg
File: epstopdf-sys.cfg 2010/07/13 v1.3 Configuration of (r)epstopdf for TeX Liv
e
))
\AtBeginShipoutBox=\box31
Package hyperref Info: Link coloring ON on input line 70.

(/usr/local/texlive/2015/texmf-dist/tex/latex/hyperref/nameref.sty
Package: nameref 2012/10/27 v2.43 Cross-referencing by name of section

(/usr/local/texlive/2015/texmf-dist/tex/generic/oberdiek/gettitlestring.sty
Package: gettitlestring 2010/12/03 v1.4 Cleanup title references (HO)
)
\c@section@level=\count139
)
LaTeX Info: Redefining \ref on input line 70.
LaTeX Info: Redefining \pageref on input line 70.
LaTeX Info: Redefining \nameref on input line 70.

(./main.out) (./main.out)
\@outlinefile=\write3
\openout3 = `main.out'.

LaTeX Font Info:    Try loading font information for U+msa on input line 75.

(/usr/local/texlive/2015/texmf-dist/tex/latex/amsfonts/umsa.fd
File: umsa.fd 2013/01/14 v3.01 AMS symbols A
)
LaTeX Font Info:    Try loading font information for U+msb on input line 75.

(/usr/local/texlive/2015/texmf-dist/tex/latex/amsfonts/umsb.fd
File: umsb.fd 2013/01/14 v3.01 AMS symbols B
)
LaTeX Font Info:    Try loading font information for OMS+cmr on input line 75.

(/usr/local/texlive/2015/texmf-dist/tex/latex/base/omscmr.fd
File: omscmr.fd 2014/09/29 v2.5h Standard LaTeX font definitions
)
LaTeX Font Info:    Font shape `OMS/cmr/m/n' in size <8> not available
(Font)              Font shape `OMS/cmsy/m/n' tried instead on input line 75.
LaTeX Font Info:    Font shape `OMS/cmr/m/n' in size <6> not available
(Font)              Font shape `OMS/cmsy/m/n' tried instead on input line 75.
Missing character: There is no Ä in font cmr10!
Missing character: There is no ‡ in font cmr10!
 [1

{/usr/local/texlive/2015/texmf-var/fonts/map/pdftex/updmap/pdftex.map}]
LaTeX Font Info:    Font shape `OMS/cmr/m/n' in size <10> not available
(Font)              Font shape `OMS/cmsy/m/n' tried instead on input line 95.
 [2]
Missing character: There is no Ä in font cmr10!
Missing character: There is no ‡ in font cmr10!
Missing character: There is no Ä in font cmr10!
Missing character: There is no ‡ in font cmr10!
 [3]
Overfull \vbox (1.69684pt too high) has occurred while \output is active []


[4]

LaTeX Warning: No positions in optional float specifier.
               Default added (so using `!htbp') on input line 189.

Package hyperref Info: bookmark level for unknown algorithm defaults to 0 on in
put line 190.
[5]
LaTeX Font Info:    Font shape `OMS/cmr/m/it' in size <10> not available
(Font)              Font shape `OMS/cmsy/m/n' tried instead on input line 252.
 [6]

Package amsmath Warning: Foreign command \over;
(amsmath)                \frac or \genfrac should be used instead
(amsmath)                 on input line 323.

[7]

LaTeX Warning: No positions in optional float specifier.
               Default added (so using `!tbp') on input line 362.

<figure_dynamics.pdf, id=374, 507.69733pt x 234.42342pt>
File: figure_dynamics.pdf Graphic file (type pdf)

<use figure_dynamics.pdf>
Package pdftex.def Info: figure_dynamics.pdf used on input line 366.
(pdftex.def)             Requested size: 281.85587pt x 130.14587pt.
 [8] [9 <./figure_dynamics.pdf>]

LaTeX Warning: No positions in optional float specifier.
               Default added (so using `!tbp') on input line 406.

<figure_ave_loss_iteration_synthetic.pdf, id=410, 406.14023pt x 298.21452pt>
File: figure_ave_loss_iteration_synthetic.pdf Graphic file (type pdf)

<use figure_ave_loss_iteration_synthetic.pdf>
Package pdftex.def Info: figure_ave_loss_iteration_synthetic.pdf used on input 
line 410.
(pdftex.def)             Requested size: 230.18253pt x 169.01936pt.

<figure_ave_loss_iteration_occupancy.pdf, id=411, 396.42758pt x 292.41255pt>
File: figure_ave_loss_iteration_occupancy.pdf Graphic file (type pdf)

<use figure_ave_loss_iteration_occupancy.pdf>
Package pdftex.def Info: figure_ave_loss_iteration_occupancy.pdf used on input 
line 411.
(pdftex.def)             Requested size: 230.18253pt x 169.78677pt.

<figure_ave_loss_iteration_usenet2.pdf, id=412, 388.44322pt x 297.29309pt>
File: figure_ave_loss_iteration_usenet2.pdf Graphic file (type pdf)

<use figure_ave_loss_iteration_usenet2.pdf>
Package pdftex.def Info: figure_ave_loss_iteration_usenet2.pdf used on input li
ne 412.
(pdftex.def)             Requested size: 230.18253pt x 176.16803pt.

<figure_ave_loss_iteration_spam.pdf, id=413, 507.98027pt x 391.39867pt>
File: figure_ave_loss_iteration_spam.pdf Graphic file (type pdf)

<use figure_ave_loss_iteration_spam.pdf>
Package pdftex.def Info: figure_ave_loss_iteration_spam.pdf used on input line 
413.
(pdftex.def)             Requested size: 230.18253pt x 177.35805pt.

<figure_ave_loss_network_size_synthetic.pdf, id=414, 517.47185pt x 383.73775pt>
File: figure_ave_loss_network_size_synthetic.pdf Graphic file (type pdf)
<use figure_ave_loss_network_size_synthetic.pdf>
Package pdftex.def Info: figure_ave_loss_network_size_synthetic.pdf used on inp
ut line 424.
(pdftex.def)             Requested size: 232.52643pt x 172.4286pt.

<figure_ave_loss_network_size_occupancy.pdf, id=415, 396.28432pt x 291.18256pt>
File: figure_ave_loss_network_size_occupancy.pdf Graphic file (type pdf)
<use figure_ave_loss_network_size_occupancy.pdf>
Package pdftex.def Info: figure_ave_loss_network_size_occupancy.pdf used on inp
ut line 425.
(pdftex.def)             Requested size: 232.52643pt x 170.85428pt.

<figure_ave_loss_network_size_usenet2.pdf, id=416, 394.44363pt x 291.3324pt>
File: figure_ave_loss_network_size_usenet2.pdf Graphic file (type pdf)

<use figure_ave_loss_network_size_usenet2.pdf>
Package pdftex.def Info: figure_ave_loss_network_size_usenet2.pdf used on input
 line 426.
(pdftex.def)             Requested size: 232.52643pt x 171.74237pt.

<figure_ave_loss_network_size_spam.pdf, id=417, 394.87123pt x 292.96141pt>
File: figure_ave_loss_network_size_spam.pdf Graphic file (type pdf)

<use figure_ave_loss_network_size_spam.pdf>
Package pdftex.def Info: figure_ave_loss_network_size_spam.pdf used on input li
ne 427.
(pdftex.def)             Requested size: 232.52643pt x 172.51941pt.


LaTeX Warning: `!h' float specifier changed to `!ht'.

[10 <./figure_ave_loss_iteration_synthetic.pdf> <./figure_ave_loss_iteration_oc
cupancy.pdf> <./figure_ave_loss_iteration_usenet2.pdf> <./figure_ave_loss_itera
tion_spam.pdf>] [11 <./figure_ave_loss_network_size_synthetic.pdf> <./figure_av
e_loss_network_size_occupancy.pdf> <./figure_ave_loss_network_size_usenet2.pdf>
 <./figure_ave_loss_network_size_spam.pdf>]

LaTeX Warning: No positions in optional float specifier.
               Default added (so using `!tbp') on input line 451.

<figure_ave_loss_topology_synthetic.pdf, id=554, 506.88814pt x 389.68808pt>
File: figure_ave_loss_topology_synthetic.pdf Graphic file (type pdf)

<use figure_ave_loss_topology_synthetic.pdf>
Package pdftex.def Info: figure_ave_loss_topology_synthetic.pdf used on input l
ine 469.
(pdftex.def)             Requested size: 232.52643pt x 178.76515pt.

<figure_ave_loss_topology_occupancy.pdf, id=555, 502.9296pt x 386.30293pt>
File: figure_ave_loss_topology_occupancy.pdf Graphic file (type pdf)

<use figure_ave_loss_topology_occupancy.pdf>
Package pdftex.def Info: figure_ave_loss_topology_occupancy.pdf used on input l
ine 470.
(pdftex.def)             Requested size: 232.52643pt x 178.60335pt.

<figure_ave_loss_topology_usenet2.pdf, id=556, 506.26102pt x 390.85834pt>
File: figure_ave_loss_topology_usenet2.pdf Graphic file (type pdf)

<use figure_ave_loss_topology_usenet2.pdf>
Package pdftex.def Info: figure_ave_loss_topology_usenet2.pdf used on input lin
e 471.
(pdftex.def)             Requested size: 232.52643pt x 179.52266pt.

<figure_ave_loss_topology_spam.pdf, id=557, 506.63985pt x 390.10695pt>
File: figure_ave_loss_topology_spam.pdf Graphic file (type pdf)

<use figure_ave_loss_topology_spam.pdf>
Package pdftex.def Info: figure_ave_loss_topology_spam.pdf used on input line 4
72.
(pdftex.def)             Requested size: 232.52643pt x 179.04659pt.
 [12 <./figure_ave_loss_topology_synthetic.pdf> <./figure_ave_loss_topology_occ
upancy.pdf> <./figure_ave_loss_topology_usenet2.pdf> <./figure_ave_loss_topolog
y_spam.pdf>] (./main.bbl [13]
Missing character: There is no Ä in font cmr10!
Missing character: There is no ‡ in font cmr10!
Missing character: There is no Ä in font cmr10!
Missing character: There is no ‡ in font cmr10!
 [14])
[15]

LaTeX Warning: Command \textcircled invalid in math mode on input line 516.


LaTeX Warning: Command \textcircled invalid in math mode on input line 516.


LaTeX Warning: Command \textcircled invalid in math mode on input line 516.


LaTeX Warning: Command \textcircled invalid in math mode on input line 516.


LaTeX Warning: Command \textcircled invalid in math mode on input line 516.


LaTeX Warning: Command \textcircled invalid in math mode on input line 516.


LaTeX Warning: Command \textcircled invalid in math mode on input line 530.


LaTeX Warning: Command \textcircled invalid in math mode on input line 530.


LaTeX Warning: Command \textcircled invalid in math mode on input line 530.


LaTeX Warning: Command \textcircled invalid in math mode on input line 530.


LaTeX Warning: Command \textcircled invalid in math mode on input line 530.


LaTeX Warning: Command \textcircled invalid in math mode on input line 530.


LaTeX Warning: Command \textcircled invalid in math mode on input line 530.


LaTeX Warning: Command \textcircled invalid in math mode on input line 530.


Overfull \hbox (36.61308pt too wide) in paragraph at lines 530--530
[] 
 []

[16

]

LaTeX Warning: Command \textcircled invalid in math mode on input line 530.


LaTeX Warning: Command \textcircled invalid in math mode on input line 530.


Overfull \hbox (17.7417pt too wide) in paragraph at lines 538--538
[] 
 []


LaTeX Warning: Command \textcircled invalid in math mode on input line 538.


LaTeX Warning: Command \textcircled invalid in math mode on input line 538.


Overfull \hbox (6.09114pt too wide) in paragraph at lines 548--548
[] 
 []

[17] [18]
Overfull \hbox (20.32933pt too wide) in paragraph at lines 616--616
[] 
 []


LaTeX Warning: Command \textcircled invalid in math mode on input line 630.


LaTeX Warning: Command \textcircled invalid in math mode on input line 630.


LaTeX Warning: Command \textcircled invalid in math mode on input line 630.


LaTeX Warning: Command \textcircled invalid in math mode on input line 630.


LaTeX Warning: Command \textcircled invalid in math mode on input line 630.


LaTeX Warning: Command \textcircled invalid in math mode on input line 630.


LaTeX Warning: Command \textcircled invalid in math mode on input line 630.


LaTeX Warning: Command \textcircled invalid in math mode on input line 630.


LaTeX Warning: Command \textcircled invalid in math mode on input line 630.


LaTeX Warning: Command \textcircled invalid in math mode on input line 630.


LaTeX Warning: Command \textcircled invalid in math mode on input line 630.


LaTeX Warning: Command \textcircled invalid in math mode on input line 630.


Overfull \hbox (5.24008pt too wide) in paragraph at lines 630--630
[] 
 []


LaTeX Warning: Command \textcircled invalid in math mode on input line 631.


LaTeX Warning: Command \textcircled invalid in math mode on input line 631.


LaTeX Warning: Command \textcircled invalid in math mode on input line 636.


LaTeX Warning: Command \textcircled invalid in math mode on input line 636.

[19]

LaTeX Warning: Command \textcircled invalid in math mode on input line 640.


LaTeX Warning: Command \textcircled invalid in math mode on input line 640.


Overfull \hbox (13.49706pt too wide) in paragraph at lines 683--683
[] 
 []


LaTeX Warning: Command \textcircled invalid in math mode on input line 699.


LaTeX Warning: Command \textcircled invalid in math mode on input line 699.


LaTeX Warning: Command \textcircled invalid in math mode on input line 699.


LaTeX Warning: Command \textcircled invalid in math mode on input line 699.


Overfull \hbox (31.57445pt too wide) in paragraph at lines 699--699
[] 
 []

[20]

LaTeX Warning: Command \textcircled invalid in math mode on input line 699.


LaTeX Warning: Command \textcircled invalid in math mode on input line 699.


Overfull \hbox (14.34476pt too wide) in paragraph at lines 718--718
[] 
 []

[21] [22]

LaTeX Warning: Command \textcircled invalid in math mode on input line 841.


LaTeX Warning: Command \textcircled invalid in math mode on input line 841.


LaTeX Warning: Command \textcircled invalid in math mode on input line 841.


LaTeX Warning: Command \textcircled invalid in math mode on input line 841.


LaTeX Warning: Command \textcircled invalid in math mode on input line 841.


LaTeX Warning: Command \textcircled invalid in math mode on input line 841.


LaTeX Warning: Command \textcircled invalid in math mode on input line 841.


LaTeX Warning: Command \textcircled invalid in math mode on input line 841.


LaTeX Warning: Command \textcircled invalid in math mode on input line 841.


LaTeX Warning: Command \textcircled invalid in math mode on input line 841.


LaTeX Warning: Command \textcircled invalid in math mode on input line 841.


LaTeX Warning: Command \textcircled invalid in math mode on input line 841.

[23]

LaTeX Warning: Command \textcircled invalid in math mode on input line 841.


LaTeX Warning: Command \textcircled invalid in math mode on input line 841.


LaTeX Warning: Command \textcircled invalid in math mode on input line 841.


LaTeX Warning: Command \textcircled invalid in math mode on input line 841.


LaTeX Warning: Command \textcircled invalid in math mode on input line 841.


LaTeX Warning: Command \textcircled invalid in math mode on input line 841.


LaTeX Warning: Command \textcircled invalid in math mode on input line 851.


LaTeX Warning: Command \textcircled invalid in math mode on input line 851.


LaTeX Warning: Command \textcircled invalid in math mode on input line 851.


LaTeX Warning: Command \textcircled invalid in math mode on input line 851.


LaTeX Warning: Command \textcircled invalid in math mode on input line 851.


LaTeX Warning: Command \textcircled invalid in math mode on input line 851.

[24]
Overfull \hbox (28.90434pt too wide) in paragraph at lines 898--898
[] 
 []

Package atveryend Info: Empty hook `BeforeClearDocument' on input line 903.
[25]
Package atveryend Info: Empty hook `AfterLastShipout' on input line 903.
 (./main.aux)
Package atveryend Info: Executing hook `AtVeryEndDocument' on input line 903.
Package atveryend Info: Executing hook `AtEndAfterFileList' on input line 903.
Package rerunfilecheck Info: File `main.out' has not changed.
(rerunfilecheck)             Checksum: 02A0EB481D34BF2A517930C7A1CDD9A5;815.


LaTeX Warning: There were multiply-defined labels.

Package atveryend Info: Empty hook `AtVeryVeryEnd' on input line 903.
 ) 
Here is how much of TeX's memory you used:
 8986 strings out of 493089
 134128 string characters out of 6134842
 235215 words of memory out of 5000000
 12161 multiletter control sequences out of 15000+600000
 22551 words of font info for 82 fonts, out of 8000000 for 9000
 1141 hyphenation exceptions out of 8191
 36i,19n,38p,1175b,494s stack positions out of 5000i,500n,10000p,200000b,80000s
</usr/local/texlive/2015/texmf-dist/fonts/type1/public/amsfonts/cm/cmbx10.pfb
></usr/local/texlive/2015/texmf-dist/fonts/type1/public/amsfonts/cm/cmbx12.pfb>
</usr/local/texlive/2015/texmf-dist/fonts/type1/public/amsfonts/cm/cmbx7.pfb></
usr/local/texlive/2015/texmf-dist/fonts/type1/public/amsfonts/cm/cmbx9.pfb></us
r/local/texlive/2015/texmf-dist/fonts/type1/public/amsfonts/cm/cmcsc10.pfb></us
r/local/texlive/2015/texmf-dist/fonts/type1/public/amsfonts/cm/cmex10.pfb></usr
/local/texlive/2015/texmf-dist/fonts/type1/public/amsfonts/cmextra/cmex8.pfb></
usr/local/texlive/2015/texmf-dist/fonts/type1/public/amsfonts/cmextra/cmex9.pfb
></usr/local/texlive/2015/texmf-dist/fonts/type1/public/amsfonts/cm/cmmi10.pfb>
</usr/local/texlive/2015/texmf-dist/fonts/type1/public/amsfonts/cm/cmmi5.pfb></
usr/local/texlive/2015/texmf-dist/fonts/type1/public/amsfonts/cm/cmmi7.pfb></us
r/local/texlive/2015/texmf-dist/fonts/type1/public/amsfonts/cm/cmmi8.pfb></usr/
local/texlive/2015/texmf-dist/fonts/type1/public/amsfonts/cm/cmmi9.pfb></usr/lo
cal/texlive/2015/texmf-dist/fonts/type1/public/amsfonts/cm/cmr10.pfb></usr/loca
l/texlive/2015/texmf-dist/fonts/type1/public/amsfonts/cm/cmr12.pfb></usr/local/
texlive/2015/texmf-dist/fonts/type1/public/amsfonts/cm/cmr17.pfb></usr/local/te
xlive/2015/texmf-dist/fonts/type1/public/amsfonts/cm/cmr5.pfb></usr/local/texli
ve/2015/texmf-dist/fonts/type1/public/amsfonts/cm/cmr6.pfb></usr/local/texlive/
2015/texmf-dist/fonts/type1/public/amsfonts/cm/cmr7.pfb></usr/local/texlive/201
5/texmf-dist/fonts/type1/public/amsfonts/cm/cmr8.pfb></usr/local/texlive/2015/t
exmf-dist/fonts/type1/public/amsfonts/cm/cmr9.pfb></usr/local/texlive/2015/texm
f-dist/fonts/type1/public/amsfonts/cm/cmsy10.pfb></usr/local/texlive/2015/texmf
-dist/fonts/type1/public/amsfonts/cm/cmsy5.pfb></usr/local/texlive/2015/texmf-d
ist/fonts/type1/public/amsfonts/cm/cmsy6.pfb></usr/local/texlive/2015/texmf-dis
t/fonts/type1/public/amsfonts/cm/cmsy7.pfb></usr/local/texlive/2015/texmf-dist/
fonts/type1/public/amsfonts/cm/cmsy8.pfb></usr/local/texlive/2015/texmf-dist/fo
nts/type1/public/amsfonts/cm/cmsy9.pfb></usr/local/texlive/2015/texmf-dist/font
s/type1/public/amsfonts/cm/cmti10.pfb></usr/local/texlive/2015/texmf-dist/fonts
/type1/public/amsfonts/cm/cmti8.pfb></usr/local/texlive/2015/texmf-dist/fonts/t
ype1/public/amsfonts/cm/cmti9.pfb></usr/local/texlive/2015/texmf-dist/fonts/typ
e1/public/amsfonts/cm/cmtt12.pfb></usr/local/texlive/2015/texmf-dist/fonts/type
1/public/amsfonts/cm/cmtt8.pfb></usr/local/texlive/2015/texmf-dist/fonts/type1/
public/amsfonts/symbols/msam10.pfb></usr/local/texlive/2015/texmf-dist/fonts/ty
pe1/public/amsfonts/symbols/msbm10.pfb></usr/local/texlive/2015/texmf-dist/font
s/type1/public/amsfonts/symbols/msbm7.pfb>
Output written on main.pdf (25 pages, 776146 bytes).
PDF statistics:
 870 PDF objects out of 1000 (max. 8388607)
 748 compressed objects within 8 object streams
 136 named destinations out of 1000 (max. 500000)
 170 words of extra memory for PDF output out of 10000 (max. 10000000)

