This is pdfTeX, Version 3.14159265-2.6-1.40.16 (TeX Live 2015) (preloaded format=pdflatex 2016.1.10)  17 JAN 2019 03:39
entering extended mode
 restricted \write18 enabled.
 file:line:error style messages enabled.
 %&-line parsing enabled.
**main.tex
(./main.tex
LaTeX2e <2015/01/01>
Babel <3.9l> and hyphenation patterns for 79 languages loaded.
(/usr/local/texlive/2015/texmf-dist/tex/latex/base/article.cls
Document Class: article 2014/09/29 v1.4h Standard LaTeX document class
(/usr/local/texlive/2015/texmf-dist/tex/latex/base/size10.clo
File: size10.clo 2014/09/29 v1.4h Standard LaTeX file (size option)
)
\c@part=\count79
\c@section=\count80
\c@subsection=\count81
\c@subsubsection=\count82
\c@paragraph=\count83
\c@subparagraph=\count84
\c@figure=\count85
\c@table=\count86
\abovecaptionskip=\skip41
\belowcaptionskip=\skip42
\bibindent=\dimen102
) (/usr/local/texlive/2015/texmf-dist/tex/latex/amsfonts/amssymb.sty
Package: amssymb 2013/01/14 v3.01 AMS font symbols
 (/usr/local/texlive/2015/texmf-dist/tex/latex/amsfonts/amsfonts.sty
Package: amsfonts 2013/01/14 v3.01 Basic AMSFonts support
\@emptytoks=\toks14
\symAMSa=\mathgroup4
\symAMSb=\mathgroup5
LaTeX Font Info:    Overwriting math alphabet `\mathfrak' in version `bold'
(Font)                  U/euf/m/n --> U/euf/b/n on input line 106.
)) (/usr/local/texlive/2015/texmf-dist/tex/latex/algorithms/algorithm.sty
Package: algorithm 2009/08/24 v0.1 Document Style `algorithm' - floating environment
 (/usr/local/texlive/2015/texmf-dist/tex/latex/float/float.sty
Package: float 2001/11/08 v1.3d Float enhancements (AL)
\c@float@type=\count87
\float@exts=\toks15
\float@box=\box26
\@float@everytoks=\toks16
\@floatcapt=\box27
) (/usr/local/texlive/2015/texmf-dist/tex/latex/base/ifthen.sty
Package: ifthen 2014/09/29 v1.1c Standard LaTeX ifthen package (DPC)
)
\@float@every@algorithm=\toks17
\c@algorithm=\count88
) (/usr/local/texlive/2015/texmf-dist/tex/latex/caption/caption.sty
Package: caption 2013/05/02 v3.3-89 Customizing captions (AR)
 (/usr/local/texlive/2015/texmf-dist/tex/latex/caption/caption3.sty
Package: caption3 2013/05/02 v1.6-88 caption3 kernel (AR)
Package caption3 Info: TeX engine: e-TeX on input line 57.
 (/usr/local/texlive/2015/texmf-dist/tex/latex/graphics/keyval.sty
Package: keyval 2014/10/28 v1.15 key=value parser (DPC)
\KV@toks@=\toks18
)
\captionmargin=\dimen103
\captionmargin@=\dimen104
\captionwidth=\dimen105
\caption@tempdima=\dimen106
\caption@indent=\dimen107
\caption@parindent=\dimen108
\caption@hangindent=\dimen109
)
\c@ContinuedFloat=\count89
Package caption Info: float package is loaded.
) (/usr/local/texlive/2015/texmf-dist/tex/latex/amsmath/amsmath.sty
Package: amsmath 2013/01/14 v2.14 AMS math features
\@mathmargin=\skip43

For additional information on amsmath, use the `?' option.
(/usr/local/texlive/2015/texmf-dist/tex/latex/amsmath/amstext.sty
Package: amstext 2000/06/29 v2.01
 (/usr/local/texlive/2015/texmf-dist/tex/latex/amsmath/amsgen.sty
File: amsgen.sty 1999/11/30 v2.0
\@emptytoks=\toks19
\ex@=\dimen110
)) (/usr/local/texlive/2015/texmf-dist/tex/latex/amsmath/amsbsy.sty
Package: amsbsy 1999/11/29 v1.2d
\pmbraise@=\dimen111
) (/usr/local/texlive/2015/texmf-dist/tex/latex/amsmath/amsopn.sty
Package: amsopn 1999/12/14 v2.01 operator names
)
\inf@bad=\count90
LaTeX Info: Redefining \frac on input line 210.
\uproot@=\count91
\leftroot@=\count92
LaTeX Info: Redefining \overline on input line 306.
\classnum@=\count93
\DOTSCASE@=\count94
LaTeX Info: Redefining \ldots on input line 378.
LaTeX Info: Redefining \dots on input line 381.
LaTeX Info: Redefining \cdots on input line 466.
\Mathstrutbox@=\box28
\strutbox@=\box29
\big@size=\dimen112
LaTeX Font Info:    Redeclaring font encoding OML on input line 566.
LaTeX Font Info:    Redeclaring font encoding OMS on input line 567.
\macc@depth=\count95
\c@MaxMatrixCols=\count96
\dotsspace@=\muskip10
\c@parentequation=\count97
\dspbrk@lvl=\count98
\tag@help=\toks20
\row@=\count99
\column@=\count100
\maxfields@=\count101
\andhelp@=\toks21
\eqnshift@=\dimen113
\alignsep@=\dimen114
\tagshift@=\dimen115
\tagwidth@=\dimen116
\totwidth@=\dimen117
\lineht@=\dimen118
\@envbody=\toks22
\multlinegap=\skip44
\multlinetaggap=\skip45
\mathdisplay@stack=\toks23
LaTeX Info: Redefining \[ on input line 2665.
LaTeX Info: Redefining \] on input line 2666.
) (/usr/local/texlive/2015/texmf-dist/tex/latex/amscls/amsthm.sty
Package: amsthm 2015/03/04 v2.20.2
\thm@style=\toks24
\thm@bodyfont=\toks25
\thm@headfont=\toks26
\thm@notefont=\toks27
\thm@headpunct=\toks28
\thm@preskip=\skip46
\thm@postskip=\skip47
\thm@headsep=\skip48
\dth@everypar=\toks29
) (/usr/local/texlive/2015/texmf-dist/tex/latex/graphics/graphicx.sty
Package: graphicx 2014/10/28 v1.0g Enhanced LaTeX Graphics (DPC,SPQR)
 (/usr/local/texlive/2015/texmf-dist/tex/latex/graphics/graphics.sty
Package: graphics 2014/10/28 v1.0p Standard LaTeX Graphics (DPC,SPQR)
 (/usr/local/texlive/2015/texmf-dist/tex/latex/graphics/trig.sty
Package: trig 1999/03/16 v1.09 sin cos tan (DPC)
) (/usr/local/texlive/2015/texmf-dist/tex/latex/latexconfig/graphics.cfg
File: graphics.cfg 2010/04/23 v1.9 graphics configuration of TeX Live
)
Package graphics Info: Driver file: pdftex.def on input line 94.
 (/usr/local/texlive/2015/texmf-dist/tex/latex/pdftex-def/pdftex.def
File: pdftex.def 2011/05/27 v0.06d Graphics/color for pdfTeX
 (/usr/local/texlive/2015/texmf-dist/tex/generic/oberdiek/infwarerr.sty
Package: infwarerr 2010/04/08 v1.3 Providing info/warning/error messages (HO)
) (/usr/local/texlive/2015/texmf-dist/tex/generic/oberdiek/ltxcmds.sty
Package: ltxcmds 2011/11/09 v1.22 LaTeX kernel commands for general use (HO)
)
\Gread@gobject=\count102
))
\Gin@req@height=\dimen119
\Gin@req@width=\dimen120
) (/usr/local/texlive/2015/texmf-dist/tex/latex/subfigure/subfigure.sty
Package: subfigure 2002/03/15 v2.1.5 subfigure package
\subfigtopskip=\skip49
\subfigcapskip=\skip50
\subfigcaptopadj=\dimen121
\subfigbottomskip=\skip51
\subfigcapmargin=\dimen122
\subfiglabelskip=\skip52
\c@subfigure=\count103
\c@lofdepth=\count104
\c@subtable=\count105
\c@lotdepth=\count106

****************************************
* Local config file subfigure.cfg used *
****************************************
(/usr/local/texlive/2015/texmf-dist/tex/latex/subfigure/subfigure.cfg)
\subfig@top=\skip53
\subfig@bottom=\skip54
) (/usr/local/texlive/2015/texmf-dist/tex/latex/tools/tabularx.sty
Package: tabularx 2014/10/28 v2.10 `tabularx' package (DPC)
 (/usr/local/texlive/2015/texmf-dist/tex/latex/tools/array.sty
Package: array 2014/10/28 v2.4c Tabular extension package (FMi)
\col@sep=\dimen123
\extrarowheight=\dimen124
\NC@list=\toks30
\extratabsurround=\skip55
\backup@length=\skip56
)
\TX@col@width=\dimen125
\TX@old@table=\dimen126
\TX@old@col=\dimen127
\TX@target=\dimen128
\TX@delta=\dimen129
\TX@cols=\count107
\TX@ftn=\toks31
) (/usr/local/texlive/2015/texmf-dist/tex/latex/psnfss/pifont.sty
Package: pifont 2005/04/12 PSNFSS-v9.2a Pi font support (SPQR) 
LaTeX Font Info:    Try loading font information for U+pzd on input line 63.
 (/usr/local/texlive/2015/texmf-dist/tex/latex/psnfss/upzd.fd
File: upzd.fd 2001/06/04 font definitions for U/pzd.
)
LaTeX Font Info:    Try loading font information for U+psy on input line 64.
 (/usr/local/texlive/2015/texmf-dist/tex/latex/psnfss/upsy.fd
File: upsy.fd 2001/06/04 font definitions for U/psy.
)) (/usr/local/texlive/2015/texmf-dist/tex/latex/algorithmicx/algpseudocode.sty
Package: algpseudocode 
 (/usr/local/texlive/2015/texmf-dist/tex/latex/algorithmicx/algorithmicx.sty
Package: algorithmicx 2005/04/27 v1.2 Algorithmicx

Document Style algorithmicx 1.2 - a greatly improved `algorithmic' style
\c@ALG@line=\count108
\c@ALG@rem=\count109
\c@ALG@nested=\count110
\ALG@tlm=\skip57
\ALG@thistlm=\skip58
\c@ALG@Lnr=\count111
\c@ALG@blocknr=\count112
\c@ALG@storecount=\count113
\c@ALG@tmpcounter=\count114
\ALG@tmplength=\skip59
)
Document Style - pseudocode environments for use with the `algorithmicx' style
) (/usr/local/texlive/2015/texmf-dist/tex/latex/tools/bm.sty
Package: bm 2014/10/28 v1.1c Bold Symbol Support (DPC/FMi)
\symboldoperators=\mathgroup6
\symboldletters=\mathgroup7
\symboldsymbols=\mathgroup8
LaTeX Font Info:    Redeclaring math alphabet \mathbf on input line 141.
LaTeX Info: Redefining \bm on input line 207.
) (/usr/local/texlive/2015/texmf-dist/tex/latex/preprint/balance.sty
Package: balance 1999/02/23 4.3 (PWD)
\oldvsize=\dimen130
) (/usr/local/texlive/2015/texmf-dist/tex/latex/multirow/multirow.sty
\bigstrutjot=\dimen131
) (/usr/local/texlive/2015/texmf-dist/tex/latex/preprint/fullpage.sty
Package: fullpage 1999/02/23 1.1 (PWD)
\FP@margin=\skip60
) (/usr/local/texlive/2015/texmf-dist/tex/latex/graphics/color.sty
Package: color 2014/10/28 v1.1a Standard LaTeX Color (DPC)
 (/usr/local/texlive/2015/texmf-dist/tex/latex/latexconfig/color.cfg
File: color.cfg 2007/01/18 v1.5 color configuration of teTeX/TeXLive
)
Package color Info: Driver file: pdftex.def on input line 142.
) (/usr/local/texlive/2015/texmf-dist/tex/latex/hyperref/hyperref.sty
Package: hyperref 2012/11/06 v6.83m Hypertext links for LaTeX
 (/usr/local/texlive/2015/texmf-dist/tex/generic/oberdiek/hobsub-hyperref.sty
Package: hobsub-hyperref 2012/05/28 v1.13 Bundle oberdiek, subset hyperref (HO)
 (/usr/local/texlive/2015/texmf-dist/tex/generic/oberdiek/hobsub-generic.sty
Package: hobsub-generic 2012/05/28 v1.13 Bundle oberdiek, subset generic (HO)
Package: hobsub 2012/05/28 v1.13 Construct package bundles (HO)
Package hobsub Info: Skipping package `infwarerr' (already loaded).
Package hobsub Info: Skipping package `ltxcmds' (already loaded).
Package: ifluatex 2010/03/01 v1.3 Provides the ifluatex switch (HO)
Package ifluatex Info: LuaTeX not detected.
Package: ifvtex 2010/03/01 v1.5 Detect VTeX and its facilities (HO)
Package ifvtex Info: VTeX not detected.
Package: intcalc 2007/09/27 v1.1 Expandable calculations with integers (HO)
Package: ifpdf 2011/01/30 v2.3 Provides the ifpdf switch (HO)
Package ifpdf Info: pdfTeX in PDF mode is detected.
Package: etexcmds 2011/02/16 v1.5 Avoid name clashes with e-TeX commands (HO)
Package etexcmds Info: Could not find \expanded.
(etexcmds)             That can mean that you are not using pdfTeX 1.50 or
(etexcmds)             that some package has redefined \expanded.
(etexcmds)             In the latter case, load this package earlier.
Package: kvsetkeys 2012/04/25 v1.16 Key value parser (HO)
Package: kvdefinekeys 2011/04/07 v1.3 Define keys (HO)
Package: pdftexcmds 2011/11/29 v0.20 Utility functions of pdfTeX for LuaTeX (HO)
Package pdftexcmds Info: LuaTeX not detected.
Package pdftexcmds Info: \pdf@primitive is available.
Package pdftexcmds Info: \pdf@ifprimitive is available.
Package pdftexcmds Info: \pdfdraftmode found.
Package: pdfescape 2011/11/25 v1.13 Implements pdfTeX's escape features (HO)
Package: bigintcalc 2012/04/08 v1.3 Expandable calculations on big integers (HO)
Package: bitset 2011/01/30 v1.1 Handle bit-vector datatype (HO)
Package: uniquecounter 2011/01/30 v1.2 Provide unlimited unique counter (HO)
)
Package hobsub Info: Skipping package `hobsub' (already loaded).
Package: letltxmacro 2010/09/02 v1.4 Let assignment for LaTeX macros (HO)
Package: hopatch 2012/05/28 v1.2 Wrapper for package hooks (HO)
Package: xcolor-patch 2011/01/30 xcolor patch
Package: atveryend 2011/06/30 v1.8 Hooks at the very end of document (HO)
Package atveryend Info: \enddocument detected (standard20110627).
Package: atbegshi 2011/10/05 v1.16 At begin shipout hook (HO)
Package: refcount 2011/10/16 v3.4 Data extraction from label references (HO)
Package: hycolor 2011/01/30 v1.7 Color options for hyperref/bookmark (HO)
) (/usr/local/texlive/2015/texmf-dist/tex/generic/ifxetex/ifxetex.sty
Package: ifxetex 2010/09/12 v0.6 Provides ifxetex conditional
) (/usr/local/texlive/2015/texmf-dist/tex/latex/oberdiek/auxhook.sty
Package: auxhook 2011/03/04 v1.3 Hooks for auxiliary files (HO)
) (/usr/local/texlive/2015/texmf-dist/tex/latex/oberdiek/kvoptions.sty
Package: kvoptions 2011/06/30 v3.11 Key value format for package options (HO)
)
\@linkdim=\dimen132
\Hy@linkcounter=\count115
\Hy@pagecounter=\count116
 (/usr/local/texlive/2015/texmf-dist/tex/latex/hyperref/pd1enc.def
File: pd1enc.def 2012/11/06 v6.83m Hyperref: PDFDocEncoding definition (HO)
)
\Hy@SavedSpaceFactor=\count117
 (/usr/local/texlive/2015/texmf-dist/tex/latex/latexconfig/hyperref.cfg
File: hyperref.cfg 2002/06/06 v1.2 hyperref configuration of TeXLive
)
Package hyperref Info: Option `colorlinks' set `true' on input line 4319.
Package hyperref Info: Hyper figures OFF on input line 4443.
Package hyperref Info: Link nesting OFF on input line 4448.
Package hyperref Info: Hyper index ON on input line 4451.
Package hyperref Info: Plain pages OFF on input line 4458.
Package hyperref Info: Backreferencing OFF on input line 4463.
Package hyperref Info: Implicit mode ON; LaTeX internals redefined.
Package hyperref Info: Bookmarks ON on input line 4688.
\c@Hy@tempcnt=\count118
 (/usr/local/texlive/2015/texmf-dist/tex/latex/url/url.sty
\Urlmuskip=\muskip11
Package: url 2013/09/16  ver 3.4  Verb mode for urls, etc.
)
LaTeX Info: Redefining \url on input line 5041.
\XeTeXLinkMargin=\dimen133
\Fld@menulength=\count119
\Field@Width=\dimen134
\Fld@charsize=\dimen135
Package hyperref Info: Hyper figures OFF on input line 6295.
Package hyperref Info: Link nesting OFF on input line 6300.
Package hyperref Info: Hyper index ON on input line 6303.
Package hyperref Info: backreferencing OFF on input line 6310.
Package hyperref Info: Link coloring ON on input line 6313.
Package hyperref Info: Link coloring with OCG OFF on input line 6320.
Package hyperref Info: PDF/A mode OFF on input line 6325.
LaTeX Info: Redefining \ref on input line 6365.
LaTeX Info: Redefining \pageref on input line 6369.
\Hy@abspage=\count120
\c@Item=\count121
\c@Hfootnote=\count122
)

Package hyperref Message: Driver (autodetected): hpdftex.

(/usr/local/texlive/2015/texmf-dist/tex/latex/hyperref/hpdftex.def
File: hpdftex.def 2012/11/06 v6.83m Hyperref driver for pdfTeX
\Fld@listcount=\count123
\c@bookmark@seq@number=\count124
 (/usr/local/texlive/2015/texmf-dist/tex/latex/oberdiek/rerunfilecheck.sty
Package: rerunfilecheck 2011/04/15 v1.7 Rerun checks for auxiliary files (HO)
Package uniquecounter Info: New unique counter `rerunfilecheck' on input line 282.
)
\Hy@SectionHShift=\skip61
) (/usr/local/texlive/2015/texmf-dist/tex/latex/natbib/natbib.sty
Package: natbib 2010/09/13 8.31b (PWD, AO)
\bibhang=\skip62
\bibsep=\skip63
LaTeX Info: Redefining \cite on input line 694.
\c@NAT@ctr=\count125
) (./yaweinewcomm.tex)
\c@Definition=\count126
\c@Theorem=\count127
\c@Lemma=\count128
\c@Corollary=\count129
\c@Assumption=\count130
\c@Proposition=\count131
\c@Remark=\count132
 (/Users/yawei/Documents/Submission/on-linear-speedup-decentralized-online-optimization/.texpadtmp/main.aux

LaTeX Warning: Label `theorem_regret_upper_bound' multiply defined.


LaTeX Warning: Label `corollary_regret_upper_bound' multiply defined.


LaTeX Warning: Label `figure_decen_cen_ave_loss_iterations_net_types_occupancy' multiply defined.


LaTeX Warning: Label `sub@figure_decen_cen_ave_loss_iterations_net_types_occupancy' multiply defined.

)
\openout1 = `main.aux'.

LaTeX Font Info:    Checking defaults for OML/cmm/m/it on input line 56.
LaTeX Font Info:    ... okay on input line 56.
LaTeX Font Info:    Checking defaults for T1/cmr/m/n on input line 56.
LaTeX Font Info:    ... okay on input line 56.
LaTeX Font Info:    Checking defaults for OT1/cmr/m/n on input line 56.
LaTeX Font Info:    ... okay on input line 56.
LaTeX Font Info:    Checking defaults for OMS/cmsy/m/n on input line 56.
LaTeX Font Info:    ... okay on input line 56.
LaTeX Font Info:    Checking defaults for OMX/cmex/m/n on input line 56.
LaTeX Font Info:    ... okay on input line 56.
LaTeX Font Info:    Checking defaults for U/cmr/m/n on input line 56.
LaTeX Font Info:    ... okay on input line 56.
LaTeX Font Info:    Checking defaults for PD1/pdf/m/n on input line 56.
LaTeX Font Info:    ... okay on input line 56.
Package caption Info: Begin \AtBeginDocument code.
Package caption Info: hyperref package is loaded.
Package caption Info: subfigure package is loaded.
Package caption Info: End \AtBeginDocument code.
 (/usr/local/texlive/2015/texmf-dist/tex/context/base/supp-pdf.mkii
[Loading MPS to PDF converter (version 2006.09.02).]
\scratchcounter=\count133
\scratchdimen=\dimen136
\scratchbox=\box30
\nofMPsegments=\count134
\nofMParguments=\count135
\everyMPshowfont=\toks32
\MPscratchCnt=\count136
\MPscratchDim=\dimen137
\MPnumerator=\count137
\makeMPintoPDFobject=\count138
\everyMPtoPDFconversion=\toks33
) (/usr/local/texlive/2015/texmf-dist/tex/latex/oberdiek/epstopdf-base.sty
Package: epstopdf-base 2010/02/09 v2.5 Base part for package epstopdf
 (/usr/local/texlive/2015/texmf-dist/tex/latex/oberdiek/grfext.sty
Package: grfext 2010/08/19 v1.1 Manage graphics extensions (HO)
)
Package grfext Info: Graphics extension search list:
(grfext)             [.png,.pdf,.jpg,.mps,.jpeg,.jbig2,.jb2,.PNG,.PDF,.JPG,.JPEG,.JBIG2,.JB2,.eps]
(grfext)             \AppendGraphicsExtensions on input line 452.
 (/usr/local/texlive/2015/texmf-dist/tex/latex/latexconfig/epstopdf-sys.cfg
File: epstopdf-sys.cfg 2010/07/13 v1.3 Configuration of (r)epstopdf for TeX Live
))
\AtBeginShipoutBox=\box31
Package hyperref Info: Link coloring ON on input line 56.
 (/usr/local/texlive/2015/texmf-dist/tex/latex/hyperref/nameref.sty
Package: nameref 2012/10/27 v2.43 Cross-referencing by name of section
 (/usr/local/texlive/2015/texmf-dist/tex/generic/oberdiek/gettitlestring.sty
Package: gettitlestring 2010/12/03 v1.4 Cleanup title references (HO)
)
\c@section@level=\count139
)
LaTeX Info: Redefining \ref on input line 56.
LaTeX Info: Redefining \pageref on input line 56.
LaTeX Info: Redefining \nameref on input line 56.
 (/Users/yawei/Documents/Submission/on-linear-speedup-decentralized-online-optimization/.texpadtmp/main.out) (/Users/yawei/Documents/Submission/on-linear-speedup-decentralized-online-optimization/.texpadtmp/main.out)
\@outlinefile=\write3
\openout3 = `main.out'.

LaTeX Font Info:    Try loading font information for U+msa on input line 61.
 (/usr/local/texlive/2015/texmf-dist/tex/latex/amsfonts/umsa.fd
File: umsa.fd 2013/01/14 v3.01 AMS symbols A
)
LaTeX Font Info:    Try loading font information for U+msb on input line 61.
 (/usr/local/texlive/2015/texmf-dist/tex/latex/amsfonts/umsb.fd
File: umsb.fd 2013/01/14 v3.01 AMS symbols B
)

LaTeX Warning: No \author given.

Missing character: There is no Ä in font cmr10!
Missing character: There is no ‡ in font cmr10!
Missing character: There is no Ä in font cmr10!
Missing character: There is no ‡ in font cmr10!
[1

{/usr/local/texlive/2015/texmf-var/fonts/map/pdftex/updmap/pdftex.map}] [2] [3]
Missing character: There is no ï in font cmr10!
Missing character: There is no ¼ in font cmr10!
Missing character: There is no Œ in font cmr10!


LaTeX Warning: No positions in optional float specifier.
               Default added (so using `!htbp') on input line 224.

Package hyperref Info: bookmark level for unknown algorithm defaults to 0 on input line 225.
LaTeX Font Info:    Try loading font information for OMS+cmr on input line 255.
(/usr/local/texlive/2015/texmf-dist/tex/latex/base/omscmr.fd
File: omscmr.fd 2014/09/29 v2.5h Standard LaTeX font definitions
)
LaTeX Font Info:    Font shape `OMS/cmr/m/it' in size <10> not available
(Font)              Font shape `OMS/cmsy/m/n' tried instead on input line 255.
 [4] [5]
Overfull \hbox (0.89345pt too wide) in paragraph at lines 384--385
\OT1/cmr/m/n/10 We con-duct on-line lo-gis-tic re-gres-sion in the em-pir-i-cal stud-ies. We let $\OML/cmm/m/it/10 f[]\OT1/cmr/m/n/10 (\OT1/cmr/bx/n/10 x\OT1/cmr/m/n/10 ; \OML/cmm/m/it/10 ^^X[]\OT1/cmr/m/n/10 ) = [] [] +
 []


Overfull \hbox (8.61195pt too wide) in paragraph at lines 384--385
\OT1/cmr/m/n/10 loss $[] [][] [][] \OML/cmm/m/it/10 f[]\OT1/cmr/m/n/10 (\OT1/cmr/bx/n/10 x[]\OT1/cmr/m/n/10 ; \OML/cmm/m/it/10 ^^X[]\OT1/cmr/m/n/10 )$, in-stead of the dy-namic re-gret $[][] [][] [][] []$
 []


LaTeX Warning: No positions in optional float specifier.
               Default added (so using `!tbp') on input line 388.

<figure_dynamics.pdf, id=301, 532.74876pt x 230.26427pt>
File: figure_dynamics.pdf Graphic file (type pdf)
 <use figure_dynamics.pdf>
Package pdftex.def Info: figure_dynamics.pdf used on input line 392.
(pdftex.def)             Requested size: 328.82707pt x 142.12993pt.
 <figure_decen_cen_ave_loss_iterations.pdf, id=302, 532.92422pt x 399.45256pt>
File: figure_decen_cen_ave_loss_iterations.pdf Graphic file (type pdf)
 <use figure_decen_cen_ave_loss_iterations.pdf>
Package pdftex.def Info: figure_decen_cen_ave_loss_iterations.pdf used on input line 402.
(pdftex.def)             Requested size: 225.4804pt x 169.00624pt.
 <figure_decen_cen_ave_loss_iterations_occupancy.pdf, id=303, 532.72885pt x 396.79012pt>
File: figure_decen_cen_ave_loss_iterations_occupancy.pdf Graphic file (type pdf)
 <use figure_decen_cen_ave_loss_iterations_occupancy.pdf>
Package pdftex.def Info: figure_decen_cen_ave_loss_iterations_occupancy.pdf used on input line 403.
(pdftex.def)             Requested size: 225.4804pt x 167.94032pt.
 <figure_decen_cen_ave_loss_iterations_online_retail.pdf, id=304, 532.83252pt x 396.67117pt>
File: figure_decen_cen_ave_loss_iterations_online_retail.pdf Graphic file (type pdf)
 <use figure_decen_cen_ave_loss_iterations_online_retail.pdf>
Package pdftex.def Info: figure_decen_cen_ave_loss_iterations_online_retail.pdf used on input line 404.
(pdftex.def)             Requested size: 225.4804pt x 167.85971pt.
 <figure_decen_cen_ave_loss_iterations_spam.pdf, id=305, 528.94434pt x 396.48438pt>
File: figure_decen_cen_ave_loss_iterations_spam.pdf Graphic file (type pdf)
 <use figure_decen_cen_ave_loss_iterations_spam.pdf>
Package pdftex.def Info: figure_decen_cen_ave_loss_iterations_spam.pdf used on input line 405.
(pdftex.def)             Requested size: 225.4804pt x 169.01483pt.


LaTeX Warning: `!h' float specifier changed to `!ht'.

[6]

LaTeX Warning: Text page 7 contains only floats.

[7 <./figure_dynamics.pdf> <./figure_decen_cen_ave_loss_iterations.pdf> <./figure_decen_cen_ave_loss_iterations_occupancy.pdf> <./figure_decen_cen_ave_loss_iterations_online_retail.pdf> <./figure_decen_cen_ave_loss_iterations_spam.pdf>] <figure_decen_cen_ave_loss_nodes.pdf, id=402, 534.47733pt x 397.60597pt>
File: figure_decen_cen_ave_loss_nodes.pdf Graphic file (type pdf)
 <use figure_decen_cen_ave_loss_nodes.pdf>
Package pdftex.def Info: figure_decen_cen_ave_loss_nodes.pdf used on input line 445.
(pdftex.def)             Requested size: 225.4804pt x 167.7396pt.
 <figure_decen_cen_ave_loss_nodes_occupancy.pdf, id=403, 526.07307pt x 396.8945pt>
File: figure_decen_cen_ave_loss_nodes_occupancy.pdf Graphic file (type pdf)
 <use figure_decen_cen_ave_loss_nodes_occupancy.pdf>
Package pdftex.def Info: figure_decen_cen_ave_loss_nodes_occupancy.pdf used on input line 446.
(pdftex.def)             Requested size: 225.4804pt x 170.1102pt.
 <figure_decen_cen_ave_loss_nodes_online_retail.pdf, id=404, 532.36525pt x 396.00305pt>
File: figure_decen_cen_ave_loss_nodes_online_retail.pdf Graphic file (type pdf)
 <use figure_decen_cen_ave_loss_nodes_online_retail.pdf>
Package pdftex.def Info: figure_decen_cen_ave_loss_nodes_online_retail.pdf used on input line 447.
(pdftex.def)             Requested size: 225.4804pt x 167.722pt.
 <figure_decen_cen_ave_loss_nodes_spam.pdf, id=405, 525.21268pt x 395.70212pt>
File: figure_decen_cen_ave_loss_nodes_spam.pdf Graphic file (type pdf)
 <use figure_decen_cen_ave_loss_nodes_spam.pdf>
Package pdftex.def Info: figure_decen_cen_ave_loss_nodes_spam.pdf used on input line 448.
(pdftex.def)             Requested size: 225.4804pt x 169.87688pt.


LaTeX Warning: `!h' float specifier changed to `!ht'.

<figure_decen_cen_ave_loss_iterations_net_types.pdf, id=408, 532.0484pt x 389.54594pt>
File: figure_decen_cen_ave_loss_iterations_net_types.pdf Graphic file (type pdf)
 <use figure_decen_cen_ave_loss_iterations_net_types.pdf>
Package pdftex.def Info: figure_decen_cen_ave_loss_iterations_net_types.pdf used on input line 463.
(pdftex.def)             Requested size: 225.4804pt x 165.08823pt.
 <figure_decen_cen_ave_loss_iterations_net_types_occupancy.pdf, id=409, 526.02388pt x 398.21533pt>
File: figure_decen_cen_ave_loss_iterations_net_types_occupancy.pdf Graphic file (type pdf)
 <use figure_decen_cen_ave_loss_iterations_net_types_occupancy.pdf>
Package pdftex.def Info: figure_decen_cen_ave_loss_iterations_net_types_occupancy.pdf used on input line 464.
(pdftex.def)             Requested size: 225.4804pt x 170.69453pt.
 <figure_decen_cen_ave_loss_iterations_net_types_online_retail.pdf, id=410, 532.20769pt x 397.64189pt>
File: figure_decen_cen_ave_loss_iterations_net_types_online_retail.pdf Graphic file (type pdf)
 <use figure_decen_cen_ave_loss_iterations_net_types_online_retail.pdf>
Package pdftex.def Info: figure_decen_cen_ave_loss_iterations_net_types_online_retail.pdf used on input line 465.
(pdftex.def)             Requested size: 225.4804pt x 168.46466pt.
 <figure_decen_cen_ave_loss_iterations_net_types_spam.pdf, id=411, 529.8481pt x 396.35728pt>
File: figure_decen_cen_ave_loss_iterations_net_types_spam.pdf Graphic file (type pdf)
 <use figure_decen_cen_ave_loss_iterations_net_types_spam.pdf>
Package pdftex.def Info: figure_decen_cen_ave_loss_iterations_net_types_spam.pdf used on input line 466.
(pdftex.def)             Requested size: 225.4804pt x 168.67036pt.


LaTeX Warning: `!h' float specifier changed to `!ht'.

(/Users/yawei/Documents/Submission/on-linear-speedup-decentralized-online-optimization/.texpadtmp/main.bbl [8] [9 <./figure_decen_cen_ave_loss_nodes.pdf> <./figure_decen_cen_ave_loss_nodes_occupancy.pdf> <./figure_decen_cen_ave_loss_nodes_online_retail.pdf> <./figure_decen_cen_ave_loss_nodes_spam.pdf>] [10 <./figure_decen_cen_ave_loss_iterations_net_types.pdf> <./figure_decen_cen_ave_loss_iterations_net_types_occupancy.pdf> <./figure_decen_cen_ave_loss_iterations_net_types_online_retail.pdf> <./figure_decen_cen_ave_loss_iterations_net_types_spam.pdf>]
Missing character: There is no Ä in font cmr10!
Missing character: There is no ‡ in font cmr10!
Missing character: There is no Ä in font cmr10!
Missing character: There is no ‡ in font cmr10!
LaTeX Font Info:    Font shape `OMS/cmr/m/n' in size <10> not available
(Font)              Font shape `OMS/cmsy/m/n' tried instead on input line 182.
 [11]) [12]

LaTeX Warning: Command \textcircled invalid in math mode on input line 521.


LaTeX Warning: Command \textcircled invalid in math mode on input line 521.


LaTeX Warning: Command \textcircled invalid in math mode on input line 521.


LaTeX Warning: Command \textcircled invalid in math mode on input line 521.


LaTeX Warning: Command \textcircled invalid in math mode on input line 521.


LaTeX Warning: Command \textcircled invalid in math mode on input line 521.


LaTeX Warning: Command \textcircled invalid in math mode on input line 535.


LaTeX Warning: Command \textcircled invalid in math mode on input line 535.

Missing character: There is no ã in font cmr10!
Missing character: There is no € in font cmr10!
Missing character: There is no ‚ in font cmr10!

LaTeX Warning: Command \textcircled invalid in math mode on input line 535.


LaTeX Warning: Command \textcircled invalid in math mode on input line 535.

Missing character: There is no ã in font cmr10!
Missing character: There is no € in font cmr10!
Missing character: There is no ‚ in font cmr10!
[13]

LaTeX Warning: Command \textcircled invalid in math mode on input line 535.


LaTeX Warning: Command \textcircled invalid in math mode on input line 535.


LaTeX Warning: Command \textcircled invalid in math mode on input line 552.


LaTeX Warning: Command \textcircled invalid in math mode on input line 552.


LaTeX Warning: Command \textcircled invalid in math mode on input line 552.


LaTeX Warning: Command \textcircled invalid in math mode on input line 552.


LaTeX Warning: Command \textcircled invalid in math mode on input line 552.


LaTeX Warning: Command \textcircled invalid in math mode on input line 552.


LaTeX Warning: Command \textcircled invalid in math mode on input line 552.


LaTeX Warning: Command \textcircled invalid in math mode on input line 552.


LaTeX Warning: Command \textcircled invalid in math mode on input line 552.


LaTeX Warning: Command \textcircled invalid in math mode on input line 552.

[14]

LaTeX Warning: Command \textcircled invalid in math mode on input line 560.


LaTeX Warning: Command \textcircled invalid in math mode on input line 560.

[15] [16]

LaTeX Warning: Command \textcircled invalid in math mode on input line 674.


LaTeX Warning: Command \textcircled invalid in math mode on input line 674.


LaTeX Warning: Command \textcircled invalid in math mode on input line 674.


LaTeX Warning: Command \textcircled invalid in math mode on input line 674.


LaTeX Warning: Command \textcircled invalid in math mode on input line 674.


LaTeX Warning: Command \textcircled invalid in math mode on input line 674.


LaTeX Warning: Command \textcircled invalid in math mode on input line 674.


LaTeX Warning: Command \textcircled invalid in math mode on input line 674.


LaTeX Warning: Command \textcircled invalid in math mode on input line 674.


LaTeX Warning: Command \textcircled invalid in math mode on input line 674.


LaTeX Warning: Command \textcircled invalid in math mode on input line 674.


LaTeX Warning: Command \textcircled invalid in math mode on input line 674.

[17]

LaTeX Warning: Command \textcircled invalid in math mode on input line 675.


LaTeX Warning: Command \textcircled invalid in math mode on input line 675.


LaTeX Warning: Command \textcircled invalid in math mode on input line 679.


LaTeX Warning: Command \textcircled invalid in math mode on input line 679.


LaTeX Warning: Command \textcircled invalid in math mode on input line 683.


LaTeX Warning: Command \textcircled invalid in math mode on input line 683.

[18]

LaTeX Warning: Command \textcircled invalid in math mode on input line 767.


LaTeX Warning: Command \textcircled invalid in math mode on input line 767.


LaTeX Warning: Command \textcircled invalid in math mode on input line 767.


LaTeX Warning: Command \textcircled invalid in math mode on input line 767.


Overfull \hbox (29.9777pt too wide) in paragraph at lines 767--767
[] 
 []

[19]

LaTeX Warning: Command \textcircled invalid in math mode on input line 767.


LaTeX Warning: Command \textcircled invalid in math mode on input line 767.


Overfull \hbox (45.06807pt too wide) in paragraph at lines 796--796
[] 
 []

[20] [21]

LaTeX Warning: Command \textcircled invalid in math mode on input line 896.


LaTeX Warning: Command \textcircled invalid in math mode on input line 896.


LaTeX Warning: Command \textcircled invalid in math mode on input line 896.


LaTeX Warning: Command \textcircled invalid in math mode on input line 896.


LaTeX Warning: Command \textcircled invalid in math mode on input line 896.


LaTeX Warning: Command \textcircled invalid in math mode on input line 896.


LaTeX Warning: Command \textcircled invalid in math mode on input line 896.


LaTeX Warning: Command \textcircled invalid in math mode on input line 896.


LaTeX Warning: Command \textcircled invalid in math mode on input line 896.


LaTeX Warning: Command \textcircled invalid in math mode on input line 896.


LaTeX Warning: Command \textcircled invalid in math mode on input line 896.


LaTeX Warning: Command \textcircled invalid in math mode on input line 896.


LaTeX Warning: Command \textcircled invalid in math mode on input line 896.


LaTeX Warning: Command \textcircled invalid in math mode on input line 896.


LaTeX Warning: Command \textcircled invalid in math mode on input line 896.


LaTeX Warning: Command \textcircled invalid in math mode on input line 896.


LaTeX Warning: Command \textcircled invalid in math mode on input line 896.


LaTeX Warning: Command \textcircled invalid in math mode on input line 896.


LaTeX Warning: Command \textcircled invalid in math mode on input line 907.


LaTeX Warning: Command \textcircled invalid in math mode on input line 907.


LaTeX Warning: Command \textcircled invalid in math mode on input line 907.


LaTeX Warning: Command \textcircled invalid in math mode on input line 907.


LaTeX Warning: Command \textcircled invalid in math mode on input line 907.


LaTeX Warning: Command \textcircled invalid in math mode on input line 907.


LaTeX Warning: Command \textcircled invalid in math mode on input line 907.


LaTeX Warning: Command \textcircled invalid in math mode on input line 907.

[22]

LaTeX Warning: Command \textcircled invalid in math mode on input line 907.


LaTeX Warning: Command \textcircled invalid in math mode on input line 907.


LaTeX Warning: Command \textcircled invalid in math mode on input line 907.


LaTeX Warning: Command \textcircled invalid in math mode on input line 907.

Package atveryend Info: Empty hook `BeforeClearDocument' on input line 960.
[23]
Package atveryend Info: Empty hook `AfterLastShipout' on input line 960.
 (/Users/yawei/Documents/Submission/on-linear-speedup-decentralized-online-optimization/.texpadtmp/main.aux)
Package atveryend Info: Executing hook `AtVeryEndDocument' on input line 960.
Package atveryend Info: Executing hook `AtEndAfterFileList' on input line 960.
Package rerunfilecheck Info: File `main.out' has not changed.
(rerunfilecheck)             Checksum: 9AF1F85021343C54F0943708405852D5;793.


LaTeX Warning: There were multiply-defined labels.

Package atveryend Info: Empty hook `AtVeryVeryEnd' on input line 960.
 ) 
Here is how much of TeX's memory you used:
 8946 strings out of 493089
 135761 string characters out of 6134842
 232037 words of memory out of 5000000
 12135 multiletter control sequences out of 15000+600000
 20178 words of font info for 73 fonts, out of 8000000 for 9000
 1141 hyphenation exceptions out of 8191
 36i,19n,38p,1737b,502s stack positions out of 5000i,500n,10000p,200000b,80000s
</usr/local/texlive/2015/texmf-dist/fonts/type1/public/amsfonts/cm/cmbx10.pfb></usr/local/texlive/2015/texmf-dist/fonts/type1/public/amsfonts/cm/cmbx12.pfb></usr/local/texlive/2015/texmf-dist/fonts/type1/public/amsfonts/cm/cmbx7.pfb></usr/local/texlive/2015/texmf-dist/fonts/type1/public/amsfonts/cm/cmbx9.pfb></usr/local/texlive/2015/texmf-dist/fonts/type1/public/amsfonts/cm/cmcsc10.pfb></usr/local/texlive/2015/texmf-dist/fonts/type1/public/amsfonts/cm/cmex10.pfb></usr/local/texlive/2015/texmf-dist/fonts/type1/public/amsfonts/cm/cmmi10.pfb></usr/local/texlive/2015/texmf-dist/fonts/type1/public/amsfonts/cm/cmmi5.pfb></usr/local/texlive/2015/texmf-dist/fonts/type1/public/amsfonts/cm/cmmi7.pfb></usr/local/texlive/2015/texmf-dist/fonts/type1/public/amsfonts/cm/cmr10.pfb></usr/local/texlive/2015/texmf-dist/fonts/type1/public/amsfonts/cm/cmr12.pfb></usr/local/texlive/2015/texmf-dist/fonts/type1/public/amsfonts/cm/cmr17.pfb></usr/local/texlive/2015/texmf-dist/fonts/type1/public/amsfonts/cm/cmr5.pfb></usr/local/texlive/2015/texmf-dist/fonts/type1/public/amsfonts/cm/cmr6.pfb></usr/local/texlive/2015/texmf-dist/fonts/type1/public/amsfonts/cm/cmr7.pfb></usr/local/texlive/2015/texmf-dist/fonts/type1/public/amsfonts/cm/cmr8.pfb></usr/local/texlive/2015/texmf-dist/fonts/type1/public/amsfonts/cm/cmsy10.pfb></usr/local/texlive/2015/texmf-dist/fonts/type1/public/amsfonts/cm/cmsy5.pfb></usr/local/texlive/2015/texmf-dist/fonts/type1/public/amsfonts/cm/cmsy7.pfb></usr/local/texlive/2015/texmf-dist/fonts/type1/public/amsfonts/cm/cmti10.pfb></usr/local/texlive/2015/texmf-dist/fonts/type1/public/amsfonts/cm/cmti8.pfb></usr/local/texlive/2015/texmf-dist/fonts/type1/public/amsfonts/cm/cmtt8.pfb></usr/local/texlive/2015/texmf-dist/fonts/type1/public/amsfonts/symbols/msam10.pfb></usr/local/texlive/2015/texmf-dist/fonts/type1/public/amsfonts/symbols/msbm10.pfb></usr/local/texlive/2015/texmf-dist/fonts/type1/public/amsfonts/symbols/msbm7.pfb>
Output written on /Users/yawei/Documents/Submission/on-linear-speedup-decentralized-online-optimization/.texpadtmp/main.pdf (23 pages, 721820 bytes).
PDF statistics:
 751 PDF objects out of 1000 (max. 8388607)
 642 compressed objects within 7 object streams
 127 named destinations out of 1000 (max. 500000)
 194 words of extra memory for PDF output out of 10000 (max. 10000000)

