This is pdfTeX, Version 3.14159265-2.6-1.40.15 (TeX Live 2014) (preloaded format=pdflatex 2016.10.10)  22 JAN 2019 21:10
entering extended mode
 restricted \write18 enabled.
 file:line:error style messages enabled.
 %&-line parsing enabled.
**main.tex
(./main.tex
LaTeX2e <2014/05/01>
Babel <3.9k> and hyphenation patterns for 78 languages loaded.
(/usr/local/texlive/2014/texmf-dist/tex/latex/base/article.cls
Document Class: article 2007/10/19 v1.4h Standard LaTeX document class
(/usr/local/texlive/2014/texmf-dist/tex/latex/base/size10.clo
File: size10.clo 2007/10/19 v1.4h Standard LaTeX file (size option)
)
\c@part=\count79
\c@section=\count80
\c@subsection=\count81
\c@subsubsection=\count82
\c@paragraph=\count83
\c@subparagraph=\count84
\c@figure=\count85
\c@table=\count86
\abovecaptionskip=\skip41
\belowcaptionskip=\skip42
\bibindent=\dimen102
)
(/usr/local/texlive/2014/texmf-dist/tex/latex/caption/caption.sty
Package: caption 2013/05/02 v3.3-89 Customizing captions (AR)

(/usr/local/texlive/2014/texmf-dist/tex/latex/caption/caption3.sty
Package: caption3 2013/05/02 v1.6-88 caption3 kernel (AR)
Package caption3 Info: TeX engine: e-TeX on input line 57.

(/usr/local/texlive/2014/texmf-dist/tex/latex/graphics/keyval.sty
Package: keyval 2014/05/08 v1.15 key=value parser (DPC)
\KV@toks@=\toks14
)
\captionmargin=\dimen103
\captionmargin@=\dimen104
\captionwidth=\dimen105
\caption@tempdima=\dimen106
\caption@indent=\dimen107
\caption@parindent=\dimen108
\caption@hangindent=\dimen109
)
\c@ContinuedFloat=\count87
)
(/usr/local/texlive/2014/texmf-dist/tex/latex/amscls/amsthm.sty
Package: amsthm 2004/08/06 v2.20
\thm@style=\toks15
\thm@bodyfont=\toks16
\thm@headfont=\toks17
\thm@notefont=\toks18
\thm@headpunct=\toks19
\thm@preskip=\skip43
\thm@postskip=\skip44
\thm@headsep=\skip45
\dth@everypar=\toks20
)
(/usr/local/texlive/2014/texmf-dist/tex/latex/tools/tabularx.sty
Package: tabularx 2014/05/13 v2.10 `tabularx' package (DPC)

(/usr/local/texlive/2014/texmf-dist/tex/latex/tools/array.sty
Package: array 2008/09/09 v2.4c Tabular extension package (FMi)
\col@sep=\dimen110
\extrarowheight=\dimen111
\NC@list=\toks21
\extratabsurround=\skip46
\backup@length=\skip47
)
\TX@col@width=\dimen112
\TX@old@table=\dimen113
\TX@old@col=\dimen114
\TX@target=\dimen115
\TX@delta=\dimen116
\TX@cols=\count88
\TX@ftn=\toks22
)
(/usr/local/texlive/2014/texmf-dist/tex/latex/tools/bm.sty
Package: bm 2004/02/26 v1.1c Bold Symbol Support (DPC/FMi)
\symboldoperators=\mathgroup4
\symboldletters=\mathgroup5
\symboldsymbols=\mathgroup6
LaTeX Font Info:    Redeclaring math alphabet \mathbf on input line 137.
LaTeX Info: Redefining \bm on input line 203.
)
(/usr/local/texlive/2014/texmf-dist/tex/latex/preprint/balance.sty
Package: balance 1999/02/23 4.3 (PWD)
\oldvsize=\dimen117
)
(/usr/local/texlive/2014/texmf-dist/tex/latex/amsmath/amsmath.sty
Package: amsmath 2013/01/14 v2.14 AMS math features
\@mathmargin=\skip48

For additional information on amsmath, use the `?' option.
(/usr/local/texlive/2014/texmf-dist/tex/latex/amsmath/amstext.sty
Package: amstext 2000/06/29 v2.01

(/usr/local/texlive/2014/texmf-dist/tex/latex/amsmath/amsgen.sty
File: amsgen.sty 1999/11/30 v2.0
\@emptytoks=\toks23
\ex@=\dimen118
))
(/usr/local/texlive/2014/texmf-dist/tex/latex/amsmath/amsbsy.sty
Package: amsbsy 1999/11/29 v1.2d
LaTeX Info: Redefining \boldsymbol on input line 39.
\pmbraise@=\dimen119
)
(/usr/local/texlive/2014/texmf-dist/tex/latex/amsmath/amsopn.sty
Package: amsopn 1999/12/14 v2.01 operator names
)
\inf@bad=\count89
LaTeX Info: Redefining \frac on input line 210.
\uproot@=\count90
\leftroot@=\count91
LaTeX Info: Redefining \overline on input line 306.
\classnum@=\count92
\DOTSCASE@=\count93
LaTeX Info: Redefining \ldots on input line 378.
LaTeX Info: Redefining \dots on input line 381.
LaTeX Info: Redefining \cdots on input line 466.
\Mathstrutbox@=\box26
\strutbox@=\box27
\big@size=\dimen120
LaTeX Font Info:    Redeclaring font encoding OML on input line 566.
LaTeX Font Info:    Redeclaring font encoding OMS on input line 567.
\macc@depth=\count94
\c@MaxMatrixCols=\count95
\dotsspace@=\muskip10
\c@parentequation=\count96
\dspbrk@lvl=\count97
\tag@help=\toks24
\row@=\count98
\column@=\count99
\maxfields@=\count100
\andhelp@=\toks25
\eqnshift@=\dimen121
\alignsep@=\dimen122
\tagshift@=\dimen123
\tagwidth@=\dimen124
\totwidth@=\dimen125
\lineht@=\dimen126
\@envbody=\toks26
\multlinegap=\skip49
\multlinetaggap=\skip50
\mathdisplay@stack=\toks27
LaTeX Info: Redefining \[ on input line 2665.
LaTeX Info: Redefining \] on input line 2666.
)
(/usr/local/texlive/2014/texmf-dist/tex/latex/amsfonts/amssymb.sty
Package: amssymb 2013/01/14 v3.01 AMS font symbols

(/usr/local/texlive/2014/texmf-dist/tex/latex/amsfonts/amsfonts.sty
Package: amsfonts 2013/01/14 v3.01 Basic AMSFonts support
\symAMSa=\mathgroup7
\symAMSb=\mathgroup8
LaTeX Font Info:    Overwriting math alphabet `\mathfrak' in version `bold'
(Font)                  U/euf/m/n --> U/euf/b/n on input line 106.
))
(/usr/local/texlive/2014/texmf-dist/tex/latex/multirow/multirow.sty
\bigstrutjot=\dimen127
)
(/usr/local/texlive/2014/texmf-dist/tex/latex/graphics/color.sty
Package: color 2014/04/23 v1.1a Standard LaTeX Color (DPC)

(/usr/local/texlive/2014/texmf-dist/tex/latex/latexconfig/color.cfg
File: color.cfg 2007/01/18 v1.5 color configuration of teTeX/TeXLive
)
Package color Info: Driver file: pdftex.def on input line 137.

(/usr/local/texlive/2014/texmf-dist/tex/latex/pdftex-def/pdftex.def
File: pdftex.def 2011/05/27 v0.06d Graphics/color for pdfTeX

(/usr/local/texlive/2014/texmf-dist/tex/generic/oberdiek/infwarerr.sty
Package: infwarerr 2010/04/08 v1.3 Providing info/warning/error messages (HO)
)
(/usr/local/texlive/2014/texmf-dist/tex/generic/oberdiek/ltxcmds.sty
Package: ltxcmds 2011/11/09 v1.22 LaTeX kernel commands for general use (HO)
)
\Gread@gobject=\count101
))
(/usr/local/texlive/2014/texmf-dist/tex/latex/microtype/microtype.sty
Package: microtype 2013/05/23 v2.5a Micro-typographical refinements (RS)
\MT@toks=\toks28
\MT@count=\count102
LaTeX Info: Redefining \textls on input line 766.
\MT@outer@kern=\dimen128
LaTeX Info: Redefining \textmicrotypecontext on input line 1285.
\MT@listname@count=\count103

(/usr/local/texlive/2014/texmf-dist/tex/latex/microtype/microtype-pdftex.def
File: microtype-pdftex.def 2013/05/23 v2.5a Definitions specific to pdftex (RS)

LaTeX Info: Redefining \lsstyle on input line 915.
LaTeX Info: Redefining \lslig on input line 915.
\MT@outer@space=\skip51
)
Package microtype Info: Loading configuration file microtype.cfg.

(/usr/local/texlive/2014/texmf-dist/tex/latex/microtype/microtype.cfg
File: microtype.cfg 2013/05/23 v2.5a microtype main configuration file (RS)
))
(/usr/local/texlive/2014/texmf-dist/tex/latex/graphics/graphicx.sty
Package: graphicx 2014/04/25 v1.0g Enhanced LaTeX Graphics (DPC,SPQR)

(/usr/local/texlive/2014/texmf-dist/tex/latex/graphics/graphics.sty
Package: graphics 2009/02/05 v1.0o Standard LaTeX Graphics (DPC,SPQR)

(/usr/local/texlive/2014/texmf-dist/tex/latex/graphics/trig.sty
Package: trig 1999/03/16 v1.09 sin cos tan (DPC)
)
(/usr/local/texlive/2014/texmf-dist/tex/latex/latexconfig/graphics.cfg
File: graphics.cfg 2010/04/23 v1.9 graphics configuration of TeX Live
)
Package graphics Info: Driver file: pdftex.def on input line 91.
)
\Gin@req@height=\dimen129
\Gin@req@width=\dimen130
)
(/usr/local/texlive/2014/texmf-dist/tex/latex/subfigure/subfigure.sty
Package: subfigure 2002/03/15 v2.1.5 subfigure package
\subfigtopskip=\skip52
\subfigcapskip=\skip53
\subfigcaptopadj=\dimen131
\subfigbottomskip=\skip54
\subfigcapmargin=\dimen132
\subfiglabelskip=\skip55
\c@subfigure=\count104
\c@lofdepth=\count105
\c@subtable=\count106
\c@lotdepth=\count107

****************************************
* Local config file subfigure.cfg used *
****************************************
(/usr/local/texlive/2014/texmf-dist/tex/latex/subfigure/subfigure.cfg)
\subfig@top=\skip56
\subfig@bottom=\skip57
)
(/usr/local/texlive/2014/texmf-dist/tex/latex/booktabs/booktabs.sty
Package: booktabs 2005/04/14 v1.61803 publication quality tables
\heavyrulewidth=\dimen133
\lightrulewidth=\dimen134
\cmidrulewidth=\dimen135
\belowrulesep=\dimen136
\belowbottomsep=\dimen137
\aboverulesep=\dimen138
\abovetopsep=\dimen139
\cmidrulesep=\dimen140
\cmidrulekern=\dimen141
\defaultaddspace=\dimen142
\@cmidla=\count108
\@cmidlb=\count109
\@aboverulesep=\dimen143
\@belowrulesep=\dimen144
\@thisruleclass=\count110
\@lastruleclass=\count111
\@thisrulewidth=\dimen145
)
(/usr/local/texlive/2014/texmf-dist/tex/latex/bbm-macros/bbm.sty
Package: bbm 1999/03/15 V 1.2 provides fonts for set symbols - TH
LaTeX Font Info:    Overwriting math alphabet `\mathbbm' in version `bold'
(Font)                  U/bbm/m/n --> U/bbm/bx/n on input line 33.
LaTeX Font Info:    Overwriting math alphabet `\mathbbmss' in version `bold'
(Font)                  U/bbmss/m/n --> U/bbmss/bx/n on input line 35.
)
(/usr/local/texlive/2014/texmf-dist/tex/latex/tools/multicol.sty
Package: multicol 2014/04/23 v1.8e multicolumn formatting (FMi)
\c@tracingmulticols=\count112
\mult@box=\box28
\multicol@leftmargin=\dimen146
\c@unbalance=\count113
\c@collectmore=\count114
\doublecol@number=\count115
\multicoltolerance=\count116
\multicolpretolerance=\count117
\full@width=\dimen147
\page@free=\dimen148
\premulticols=\dimen149
\postmulticols=\dimen150
\multicolsep=\skip58
\multicolbaselineskip=\skip59
\partial@page=\box29
\last@line=\box30
\maxbalancingoverflow=\dimen151
\mult@rightbox=\box31
\mult@grightbox=\box32
\mult@gfirstbox=\box33
\mult@firstbox=\box34
\@tempa=\box35
\@tempa=\box36
\@tempa=\box37
\@tempa=\box38
\@tempa=\box39
\@tempa=\box40
\@tempa=\box41
\@tempa=\box42
\@tempa=\box43
\@tempa=\box44
\@tempa=\box45
\@tempa=\box46
\@tempa=\box47
\@tempa=\box48
\@tempa=\box49
\@tempa=\box50
\@tempa=\box51
\c@columnbadness=\count118
\c@finalcolumnbadness=\count119
\last@try=\dimen152
\multicolovershoot=\dimen153
\multicolundershoot=\dimen154
\mult@nat@firstbox=\box52
\colbreak@box=\box53
\mc@col@check@num=\count120
)
(/usr/local/texlive/2014/texmf-dist/tex/latex/hyperref/hyperref.sty
Package: hyperref 2012/11/06 v6.83m Hypertext links for LaTeX

(/usr/local/texlive/2014/texmf-dist/tex/generic/oberdiek/hobsub-hyperref.sty
Package: hobsub-hyperref 2012/05/28 v1.13 Bundle oberdiek, subset hyperref (HO)


(/usr/local/texlive/2014/texmf-dist/tex/generic/oberdiek/hobsub-generic.sty
Package: hobsub-generic 2012/05/28 v1.13 Bundle oberdiek, subset generic (HO)
Package: hobsub 2012/05/28 v1.13 Construct package bundles (HO)
Package hobsub Info: Skipping package `infwarerr' (already loaded).
Package hobsub Info: Skipping package `ltxcmds' (already loaded).
Package: ifluatex 2010/03/01 v1.3 Provides the ifluatex switch (HO)
Package ifluatex Info: LuaTeX not detected.
Package: ifvtex 2010/03/01 v1.5 Detect VTeX and its facilities (HO)
Package ifvtex Info: VTeX not detected.
Package: intcalc 2007/09/27 v1.1 Expandable calculations with integers (HO)
Package: ifpdf 2011/01/30 v2.3 Provides the ifpdf switch (HO)
Package ifpdf Info: pdfTeX in PDF mode is detected.
Package: etexcmds 2011/02/16 v1.5 Avoid name clashes with e-TeX commands (HO)
Package etexcmds Info: Could not find \expanded.
(etexcmds)             That can mean that you are not using pdfTeX 1.50 or
(etexcmds)             that some package has redefined \expanded.
(etexcmds)             In the latter case, load this package earlier.
Package: kvsetkeys 2012/04/25 v1.16 Key value parser (HO)
Package: kvdefinekeys 2011/04/07 v1.3 Define keys (HO)
Package: pdftexcmds 2011/11/29 v0.20 Utility functions of pdfTeX for LuaTeX (HO
)
Package pdftexcmds Info: LuaTeX not detected.
Package pdftexcmds Info: \pdf@primitive is available.
Package pdftexcmds Info: \pdf@ifprimitive is available.
Package pdftexcmds Info: \pdfdraftmode found.
Package: pdfescape 2011/11/25 v1.13 Implements pdfTeX's escape features (HO)
Package: bigintcalc 2012/04/08 v1.3 Expandable calculations on big integers (HO
)
Package: bitset 2011/01/30 v1.1 Handle bit-vector datatype (HO)
Package: uniquecounter 2011/01/30 v1.2 Provide unlimited unique counter (HO)
)
Package hobsub Info: Skipping package `hobsub' (already loaded).
Package: letltxmacro 2010/09/02 v1.4 Let assignment for LaTeX macros (HO)
Package: hopatch 2012/05/28 v1.2 Wrapper for package hooks (HO)
Package: xcolor-patch 2011/01/30 xcolor patch
Package: atveryend 2011/06/30 v1.8 Hooks at the very end of document (HO)
Package atveryend Info: \enddocument detected (standard20110627).
Package: atbegshi 2011/10/05 v1.16 At begin shipout hook (HO)
Package: refcount 2011/10/16 v3.4 Data extraction from label references (HO)
Package: hycolor 2011/01/30 v1.7 Color options for hyperref/bookmark (HO)
)
(/usr/local/texlive/2014/texmf-dist/tex/generic/ifxetex/ifxetex.sty
Package: ifxetex 2010/09/12 v0.6 Provides ifxetex conditional
)
(/usr/local/texlive/2014/texmf-dist/tex/latex/oberdiek/auxhook.sty
Package: auxhook 2011/03/04 v1.3 Hooks for auxiliary files (HO)
)
(/usr/local/texlive/2014/texmf-dist/tex/latex/oberdiek/kvoptions.sty
Package: kvoptions 2011/06/30 v3.11 Key value format for package options (HO)
)
\@linkdim=\dimen155
\Hy@linkcounter=\count121
\Hy@pagecounter=\count122

(/usr/local/texlive/2014/texmf-dist/tex/latex/hyperref/pd1enc.def
File: pd1enc.def 2012/11/06 v6.83m Hyperref: PDFDocEncoding definition (HO)
)
\Hy@SavedSpaceFactor=\count123

(/usr/local/texlive/2014/texmf-dist/tex/latex/latexconfig/hyperref.cfg
File: hyperref.cfg 2002/06/06 v1.2 hyperref configuration of TeXLive
)
Package hyperref Info: Option `colorlinks' set `true' on input line 4319.
Package hyperref Info: Hyper figures OFF on input line 4443.
Package hyperref Info: Link nesting OFF on input line 4448.
Package hyperref Info: Hyper index ON on input line 4451.
Package hyperref Info: Plain pages OFF on input line 4458.
Package hyperref Info: Backreferencing OFF on input line 4463.
Package hyperref Info: Implicit mode ON; LaTeX internals redefined.
Package hyperref Info: Bookmarks ON on input line 4688.
\c@Hy@tempcnt=\count124

(/usr/local/texlive/2014/texmf-dist/tex/latex/url/url.sty
\Urlmuskip=\muskip11
Package: url 2013/09/16  ver 3.4  Verb mode for urls, etc.
)
LaTeX Info: Redefining \url on input line 5041.
\XeTeXLinkMargin=\dimen156
\Fld@menulength=\count125
\Field@Width=\dimen157
\Fld@charsize=\dimen158
Package hyperref Info: Hyper figures OFF on input line 6295.
Package hyperref Info: Link nesting OFF on input line 6300.
Package hyperref Info: Hyper index ON on input line 6303.
Package hyperref Info: backreferencing OFF on input line 6310.
Package hyperref Info: Link coloring ON on input line 6313.
Package hyperref Info: Link coloring with OCG OFF on input line 6320.
Package hyperref Info: PDF/A mode OFF on input line 6325.
LaTeX Info: Redefining \ref on input line 6365.
LaTeX Info: Redefining \pageref on input line 6369.
\Hy@abspage=\count126
\c@Item=\count127
\c@Hfootnote=\count128
)

Package hyperref Message: Driver (autodetected): hpdftex.

(/usr/local/texlive/2014/texmf-dist/tex/latex/hyperref/hpdftex.def
File: hpdftex.def 2012/11/06 v6.83m Hyperref driver for pdfTeX
\Fld@listcount=\count129
\c@bookmark@seq@number=\count130

(/usr/local/texlive/2014/texmf-dist/tex/latex/oberdiek/rerunfilecheck.sty
Package: rerunfilecheck 2011/04/15 v1.7 Rerun checks for auxiliary files (HO)
Package uniquecounter Info: New unique counter `rerunfilecheck' on input line 2
82.
)
\Hy@SectionHShift=\skip60
)
(/usr/local/texlive/2014/texmf-dist/tex/latex/natbib/natbib.sty
Package: natbib 2010/09/13 8.31b (PWD, AO)
\bibhang=\skip61
\bibsep=\skip62
LaTeX Info: Redefining \cite on input line 694.
\c@NAT@ctr=\count131
)
(./yaweinewcomm.tex)
\c@Definition=\count132
\c@Theorem=\count133
\c@Lemma=\count134
\c@Corollary=\count135
\c@Assumption=\count136
\c@Proposition=\count137
\c@Remark=\count138
 (./icml2019.sty

LaTeX Warning: You have requested package `icml2019',
               but the package provides `icml2018'.

Package: icml2018 2018/01/01 v2.0 ICML Conference Style File
(/usr/local/texlive/2014/texmf-dist/tex/latex/psnfss/times.sty
Package: times 2005/04/12 PSNFSS-v9.2a (SPQR) 
) (./fancyhdr.sty
\fancy@headwidth=\skip63
\f@ncyO@elh=\skip64
\f@ncyO@erh=\skip65
\f@ncyO@olh=\skip66
\f@ncyO@orh=\skip67
\f@ncyO@elf=\skip68
\f@ncyO@erf=\skip69
\f@ncyO@olf=\skip70
\f@ncyO@orf=\skip71
) (./algorithm.sty
Package: algorithm 

Document Style `algorithm' - floating environment
(/usr/local/texlive/2014/texmf-dist/tex/latex/float/float.sty
Package: float 2001/11/08 v1.3d Float enhancements (AL)
\c@float@type=\count139
\float@exts=\toks29
\float@box=\box54
\@float@everytoks=\toks30
\@floatcapt=\box55
)
(/usr/local/texlive/2014/texmf-dist/tex/latex/base/ifthen.sty
Package: ifthen 2001/05/26 v1.1c Standard LaTeX ifthen package (DPC)
)
\@float@every@algorithm=\toks31
\c@algorithm=\count140
)
(./algorithmic.sty
Package: algorithmic 

Document Style `algorithmic' - environment
(/usr/local/texlive/2014/texmf-dist/tex/latex/tools/calc.sty
Package: calc 2007/08/22 v4.3 Infix arithmetic (KKT,FJ)
\calc@Acount=\count141
\calc@Bcount=\count142
\calc@Adimen=\dimen159
\calc@Bdimen=\dimen160
\calc@Askip=\skip72
\calc@Bskip=\skip73
LaTeX Info: Redefining \setlength on input line 75.
LaTeX Info: Redefining \addtolength on input line 76.
\calc@Ccount=\count143
\calc@Cskip=\skip74
)
\c@ALC@line=\count144
\c@ALC@rem=\count145
\ALC@tlm=\skip75
)
(/usr/local/texlive/2014/texmf-dist/tex/latex/eso-pic/eso-pic.sty
Package: eso-pic 2013/10/06 v2.0d eso-pic (RN)
)
(/usr/local/texlive/2014/texmf-dist/tex/latex/forloop/forloop.sty
Package: forloop 2006/09/18 v3.0 For Loops for LaTeX
)
Package hyperref Info: Option `colorlinks' set `true' on input line 108.
\titrun=\box56
\c@@affiliationcounter=\count146
\c@@affilnum=\count147
\newcaptionbox=\box57
\newcaptionboxwid=\dimen161
\icmlrulerbox=\box58
\icmlrulercount=\count148
\icmlruleroffset=\dimen162
\cv@lineheight=\dimen163
\cv@boxheight=\dimen164
\cv@tmpbox=\box59
\cv@refno=\count149
\cv@tot=\count150
\cv@tmpc@=\count151
\cv@tmpc=\count152
)
Package hyperref Info: Option `draft' set `true' on input line 75.
 (./main.aux

LaTeX Warning: Label `equa_definition_our_regret' multiply defined.


LaTeX Warning: Label `figure_ave_loss_topology_occupancy' multiply defined.


LaTeX Warning: Label `sub@figure_ave_loss_topology_occupancy' multiply defined.


)
\openout1 = `main.aux'.

LaTeX Font Info:    Checking defaults for OML/cmm/m/it on input line 76.
LaTeX Font Info:    ... okay on input line 76.
LaTeX Font Info:    Checking defaults for T1/cmr/m/n on input line 76.
LaTeX Font Info:    ... okay on input line 76.
LaTeX Font Info:    Checking defaults for OT1/cmr/m/n on input line 76.
LaTeX Font Info:    ... okay on input line 76.
LaTeX Font Info:    Checking defaults for OMS/cmsy/m/n on input line 76.
LaTeX Font Info:    ... okay on input line 76.
LaTeX Font Info:    Checking defaults for OMX/cmex/m/n on input line 76.
LaTeX Font Info:    ... okay on input line 76.
LaTeX Font Info:    Checking defaults for U/cmr/m/n on input line 76.
LaTeX Font Info:    ... okay on input line 76.
LaTeX Font Info:    Checking defaults for PD1/pdf/m/n on input line 76.
LaTeX Font Info:    ... okay on input line 76.
LaTeX Font Info:    Try loading font information for OT1+ptm on input line 76.
 (/usr/local/texlive/2014/texmf-dist/tex/latex/psnfss/ot1ptm.fd
File: ot1ptm.fd 2001/06/04 font definitions for OT1/ptm.
)
Package caption Info: Begin \AtBeginDocument code.
Package caption Info: float package is loaded.
Package caption Info: hyperref package is loaded.
Package caption Info: subfigure package is loaded.
Package caption Info: End \AtBeginDocument code.

(/usr/local/texlive/2014/texmf-dist/tex/context/base/supp-pdf.mkii
[Loading MPS to PDF converter (version 2006.09.02).]
\scratchcounter=\count153
\scratchdimen=\dimen165
\scratchbox=\box60
\nofMPsegments=\count154
\nofMParguments=\count155
\everyMPshowfont=\toks32
\MPscratchCnt=\count156
\MPscratchDim=\dimen166
\MPnumerator=\count157
\makeMPintoPDFobject=\count158
\everyMPtoPDFconversion=\toks33
)
LaTeX Info: Redefining \microtypecontext on input line 76.
Package microtype Info: Generating PDF output.
Package microtype Info: Character protrusion enabled (level 2).
Package microtype Info: Using default protrusion set `alltext'.
Package microtype Info: Automatic font expansion enabled (level 2),
(microtype)             stretch: 20, shrink: 20, step: 1, non-selected.
Package microtype Info: Using default expansion set `basictext'.
Package microtype Info: No adjustment of tracking.
Package microtype Info: No adjustment of interword spacing.
Package microtype Info: No adjustment of character kerning.
 (/usr/local/texlive/2014/texmf-dist/tex/latex/microtype/mt-ptm.cfg
File: mt-ptm.cfg 2006/04/20 v1.7 microtype config. file: Times (RS)
)
(/usr/local/texlive/2014/texmf-dist/tex/latex/oberdiek/epstopdf-base.sty
Package: epstopdf-base 2010/02/09 v2.5 Base part for package epstopdf

(/usr/local/texlive/2014/texmf-dist/tex/latex/oberdiek/grfext.sty
Package: grfext 2010/08/19 v1.1 Manage graphics extensions (HO)
)
Package grfext Info: Graphics extension search list:
(grfext)             [.png,.pdf,.jpg,.mps,.jpeg,.jbig2,.jb2,.PNG,.PDF,.JPG,.JPE
G,.JBIG2,.JB2,.eps]
(grfext)             \AppendGraphicsExtensions on input line 452.

(/usr/local/texlive/2014/texmf-dist/tex/latex/latexconfig/epstopdf-sys.cfg
File: epstopdf-sys.cfg 2010/07/13 v1.3 Configuration of (r)epstopdf for TeX Liv
e
))
\AtBeginShipoutBox=\box61


Package hyperref Warning: Draft mode on.

Package hyperref Info: Link coloring ON on input line 76.
(/usr/local/texlive/2014/texmf-dist/tex/latex/hyperref/nameref.sty
Package: nameref 2012/10/27 v2.43 Cross-referencing by name of section

(/usr/local/texlive/2014/texmf-dist/tex/generic/oberdiek/gettitlestring.sty
Package: gettitlestring 2010/12/03 v1.4 Cleanup title references (HO)
)
\c@section@level=\count159
)
LaTeX Info: Redefining \ref on input line 76.
LaTeX Info: Redefining \pageref on input line 76.
LaTeX Info: Redefining \nameref on input line 76.
LaTeX Font Info:    Font shape `OT1/ptm/bx/n' in size <9> not available
(Font)              Font shape `OT1/ptm/b/n' tried instead on input line 124.
LaTeX Font Info:    Font shape `OT1/ptm/bx/n' in size <14.4> not available
(Font)              Font shape `OT1/ptm/b/n' tried instead on input line 124.
LaTeX Font Info:    Font shape `OT1/ptm/bx/n' in size <10> not available
(Font)              Font shape `OT1/ptm/b/n' tried instead on input line 124.
\c@@affil@anon=\count160

(/usr/local/texlive/2014/texmf-dist/tex/latex/microtype/mt-cmr.cfg
File: mt-cmr.cfg 2013/05/19 v2.2 microtype config. file: Computer Modern Roman 
(RS)
)
LaTeX Font Info:    Try loading font information for U+msa on input line 124.

(/usr/local/texlive/2014/texmf-dist/tex/latex/amsfonts/umsa.fd
File: umsa.fd 2013/01/14 v3.01 AMS symbols A
)
(/usr/local/texlive/2014/texmf-dist/tex/latex/microtype/mt-msa.cfg
File: mt-msa.cfg 2006/02/04 v1.1 microtype config. file: AMS symbols (a) (RS)
)
LaTeX Font Info:    Try loading font information for U+msb on input line 124.

(/usr/local/texlive/2014/texmf-dist/tex/latex/amsfonts/umsb.fd
File: umsb.fd 2013/01/14 v3.01 AMS symbols B
)
(/usr/local/texlive/2014/texmf-dist/tex/latex/microtype/mt-msb.cfg
File: mt-msb.cfg 2005/06/01 v1.0 microtype config. file: AMS symbols (b) (RS)
)
LaTeX Font Info:    Try loading font information for OML+ptm on input line 135.


(/usr/local/texlive/2014/texmf-dist/tex/latex/psnfss/omlptm.fd
File: omlptm.fd 
)
LaTeX Font Info:    Font shape `OML/ptm/m/n' in size <9> not available
(Font)              Font shape `OML/cmm/m/it' tried instead on input line 135.
LaTeX Font Info:    Font shape `OT1/ptm/bx/n' in size <12> not available
(Font)              Font shape `OT1/ptm/b/n' tried instead on input line 138.
Missing character: There is no Ä in font ptmr7t!
Missing character: There is no ‡ in font ptmr7t!

Underfull \vbox (badness 10000) has occurred while \output is active []

 [1{/usr/local/texlive/2014/texmf-var/fonts/map/pdftex/updmap/pdftex.map}



]
LaTeX Font Info:    Try loading font information for OMS+ptm on input line 175.


(/usr/local/texlive/2014/texmf-dist/tex/latex/psnfss/omsptm.fd
File: omsptm.fd 
)
LaTeX Font Info:    Font shape `OMS/ptm/m/n' in size <10> not available
(Font)              Font shape `OMS/cmsy/m/n' tried instead on input line 175.
Missing character: There is no Ä in font ptmr7t!
Missing character: There is no ‡ in font ptmr7t!


LaTeX Warning: Reference `equa_definition_previous_regret' on page 2 undefined 
on input line 202.

Missing character: There is no Ä in font ptmr7t!
Missing character: There is no ‡ in font ptmr7t!

Underfull \vbox (badness 10000) has occurred while \output is active []

 [2]
Underfull \vbox (badness 10000) has occurred while \output is active []



LaTeX Warning: No positions in optional float specifier.
               Default added (so using `!htbp') on input line 314.


Underfull \hbox (badness 10000) in paragraph at lines 323--324
[] []\OT1/ptm/m/n/10 (+20) Query the neigh-bors' lo-cal mod-els
 []


Underfull \hbox (badness 1057) in paragraph at lines 324--326
[] []\OT1/ptm/m/n/10 (+20) Observe the loss func-tion $\OML/cmm/m/it/10 f[]$\OT
1/ptm/m/n/10 (+20) , and suf-fer loss
 []

[3]
LaTeX Font Info:    Font shape `OMS/ptm/m/it' in size <10> not available
(Font)              Font shape `OMS/cmsy/m/n' tried instead on input line 377.
 [4]

LaTeX Warning: Reference `equa_definition_static_regret' on page 5 undefined on
 input line 436.


Package amsmath Warning: Foreign command \over;
(amsmath)                \frac or \genfrac should be used instead
(amsmath)                 on input line 451.

[5]
Underfull \hbox (badness 1924) in paragraph at lines 503--504
[]$\OML/cmm/m/it/10 M$ \OT1/ptm/m/n/10 (+20) is fixed as 10 to de-ter-mine the 
space of ref-er-
 []


Underfull \hbox (badness 2384) in paragraph at lines 503--504
\OT1/ptm/m/n/10 (+20) ti-mal for each dataset sper-ately. We eval-u-ate the
 []


Underfull \hbox (badness 1565) in paragraph at lines 503--504
\OT1/ptm/m/n/10 (+20) learn-ing per-for-mance by mea-sur-ing the av-er-age loss

 []


Underfull \hbox (badness 1975) in paragraph at lines 503--504
[] [][] [][] \OML/cmm/m/it/10 f[]\OT1/cmr/m/n/10 (\OT1/cmr/bx/n/10 x[]\OT1/cmr/
m/n/10 ; \OML/cmm/m/it/10 ^^X[]\OT1/cmr/m/n/10 )$\OT1/ptm/m/n/10 (+20) , in-ste
ad of the dy-namic
 []


LaTeX Warning: No positions in optional float specifier.
               Default added (so using `!tbp') on input line 507.

<figure_dynamics.pdf, id=35, 507.69733pt x 234.42342pt>
File: figure_dynamics.pdf Graphic file (type pdf)

<use figure_dynamics.pdf>
Package pdftex.def Info: figure_dynamics.pdf used on input line 511.
(pdftex.def)             Requested size: 211.3883pt x 97.60582pt.

<figure_ave_loss_iteration_synthetic.pdf, id=36, 406.14023pt x 298.21452pt>
File: figure_ave_loss_iteration_synthetic.pdf Graphic file (type pdf)

<use figure_ave_loss_iteration_synthetic.pdf>
Package pdftex.def Info: figure_ave_loss_iteration_synthetic.pdf used on input 
line 521.
(pdftex.def)             Requested size: 112.74019pt x 82.78053pt.

Underfull \hbox (badness 10000) in paragraph at lines 521--521
[]\OT1/ptm/m/n/9 (+20) (a) \OT1/ptm/m/it/9 (+20) syn-thetic data\OT1/ptm/m/n/9 
(+20) , $\OT1/cmr/m/n/9 10000$
 []

<figure_ave_loss_iteration_occupancy.pdf, id=37, 396.42758pt x 292.41255pt>
File: figure_ave_loss_iteration_occupancy.pdf Graphic file (type pdf)

<use figure_ave_loss_iteration_occupancy.pdf>
Package pdftex.def Info: figure_ave_loss_iteration_occupancy.pdf used on input 
line 522.
(pdftex.def)             Requested size: 112.74019pt x 83.15996pt.

<figure_ave_loss_iteration_usenet2.pdf, id=38, 388.44322pt x 297.29309pt>
File: figure_ave_loss_iteration_usenet2.pdf Graphic file (type pdf)

<use figure_ave_loss_iteration_usenet2.pdf>
Package pdftex.def Info: figure_ave_loss_iteration_usenet2.pdf used on input li
ne 523.
(pdftex.def)             Requested size: 112.74019pt x 86.28535pt.

<figure_ave_loss_iteration_spam.pdf, id=39, 507.98027pt x 391.39867pt>
File: figure_ave_loss_iteration_spam.pdf Graphic file (type pdf)

<use figure_ave_loss_iteration_spam.pdf>
Package pdftex.def Info: figure_ave_loss_iteration_spam.pdf used on input line 
524.
(pdftex.def)             Requested size: 112.74019pt x 86.86644pt.
LaTeX Font Info:    Try loading font information for OT1+pcr on input line 540.


(/usr/local/texlive/2014/texmf-dist/tex/latex/psnfss/ot1pcr.fd
File: ot1pcr.fd 2001/06/04 font definitions for OT1/pcr.
)
Package microtype Info: Loading generic settings for font family
(microtype)             `pcr' (encoding: OT1).
(microtype)             For optimal results, create family-specific settings.
(microtype)             See the microtype manual for details.

Underfull \hbox (badness 10000) in paragraph at lines 540--540
[][][]$\OT1/pcr/m/n/9 https : / / archive . ics . uci . edu / ml / datasets /
 []


Underfull \hbox (badness 10000) in paragraph at lines 540--540
[][][]$\OT1/pcr/m/n/9 http : / / mlkd . csd . auth . gr / concept _ drift .
 []


Underfull \hbox (badness 10000) in paragraph at lines 540--540
[][][]$\OT1/pcr/m/n/9 http : / / mlkd . csd . auth . gr / concept _ drift .
 []


Underfull \vbox (badness 4940) has occurred while \output is active []

 [6 <./figure_dynamics.pdf>]
<figure_ave_loss_network_size_synthetic.pdf, id=60, 517.47185pt x 383.73775pt>
File: figure_ave_loss_network_size_synthetic.pdf Graphic file (type pdf)

<use figure_ave_loss_network_size_synthetic.pdf>
Package pdftex.def Info: figure_ave_loss_network_size_synthetic.pdf used on inp
ut line 567.
(pdftex.def)             Requested size: 112.74019pt x 83.60281pt.

<figure_ave_loss_network_size_occupancy.pdf, id=61, 396.28432pt x 291.18256pt>
File: figure_ave_loss_network_size_occupancy.pdf Graphic file (type pdf)

<use figure_ave_loss_network_size_occupancy.pdf>
Package pdftex.def Info: figure_ave_loss_network_size_occupancy.pdf used on inp
ut line 568.
(pdftex.def)             Requested size: 112.74019pt x 82.83682pt.

<figure_ave_loss_network_size_usenet2.pdf, id=62, 394.44363pt x 291.3324pt>
File: figure_ave_loss_network_size_usenet2.pdf Graphic file (type pdf)

<use figure_ave_loss_network_size_usenet2.pdf>
Package pdftex.def Info: figure_ave_loss_network_size_usenet2.pdf used on input
 line 569.
(pdftex.def)             Requested size: 112.74019pt x 83.26619pt.

<figure_ave_loss_network_size_spam.pdf, id=63, 394.87123pt x 292.96141pt>
File: figure_ave_loss_network_size_spam.pdf Graphic file (type pdf)

<use figure_ave_loss_network_size_spam.pdf>
Package pdftex.def Info: figure_ave_loss_network_size_spam.pdf used on input li
ne 570.
(pdftex.def)             Requested size: 112.74019pt x 83.64238pt.

Underfull \vbox (badness 10000) has occurred while \output is active []



LaTeX Warning: No positions in optional float specifier.
               Default added (so using `!tbp') on input line 579.

<figure_ave_loss_topology_synthetic.pdf, id=64, 395.58774pt x 290.54326pt>
File: figure_ave_loss_topology_synthetic.pdf Graphic file (type pdf)

<use figure_ave_loss_topology_synthetic.pdf>
Package pdftex.def Info: figure_ave_loss_topology_synthetic.pdf used on input l
ine 598.
(pdftex.def)             Requested size: 112.74019pt x 82.80124pt.

<figure_ave_loss_topology_occupancy.pdf, id=65, 503.13318pt x 385.47986pt>
File: figure_ave_loss_topology_occupancy.pdf Graphic file (type pdf)

<use figure_ave_loss_topology_occupancy.pdf>
Package pdftex.def Info: figure_ave_loss_topology_occupancy.pdf used on input l
ine 599.
(pdftex.def)             Requested size: 112.74019pt x 86.3763pt.

<figure_ave_loss_topology_usenet2.pdf, id=66, 506.55193pt x 390.24757pt>
File: figure_ave_loss_topology_usenet2.pdf Graphic file (type pdf)

<use figure_ave_loss_topology_usenet2.pdf>
Package pdftex.def Info: figure_ave_loss_topology_usenet2.pdf used on input lin
e 600.
(pdftex.def)             Requested size: 112.74019pt x 86.85512pt.

<figure_ave_loss_topology_spam.pdf, id=67, 507.85048pt x 390.37573pt>
File: figure_ave_loss_topology_spam.pdf Graphic file (type pdf)

<use figure_ave_loss_topology_spam.pdf>
Package pdftex.def Info: figure_ave_loss_topology_spam.pdf used on input line 6
01.
(pdftex.def)             Requested size: 112.74019pt x 86.65729pt.
 (./main.bbl [7]
Missing character: There is no Ä in font ptmr7t!
Missing character: There is no ‡ in font ptmr7t!
Missing character: There is no Ä in font ptmr7t!
Missing character: There is no ‡ in font ptmr7t!
 [8]) [9

] [10 <./figure_ave_loss_iteration_synthetic.pdf> <./figure_ave_loss_iteration_
occupancy.pdf> <./figure_ave_loss_iteration_usenet2.pdf> <./figure_ave_loss_ite
ration_spam.pdf> <./figure_ave_loss_network_size_synthetic.pdf> <./figure_ave_l
oss_network_size_occupancy.pdf> <./figure_ave_loss_network_size_usenet2.pdf> <.
/figure_ave_loss_network_size_spam.pdf> <./figure_ave_loss_topology_synthetic.p
df> <./figure_ave_loss_topology_occupancy.pdf> <./figure_ave_loss_topology_usen
et2.pdf> <./figure_ave_loss_topology_spam.pdf>]

LaTeX Warning: Command \textcircled invalid in math mode on input line 644.


LaTeX Warning: Command \textcircled invalid in math mode on input line 644.


LaTeX Warning: Command \textcircled invalid in math mode on input line 644.


LaTeX Warning: Command \textcircled invalid in math mode on input line 644.


LaTeX Warning: Command \textcircled invalid in math mode on input line 644.


LaTeX Warning: Command \textcircled invalid in math mode on input line 644.


LaTeX Warning: Command \textcircled invalid in math mode on input line 661.


LaTeX Warning: Command \textcircled invalid in math mode on input line 661.


LaTeX Warning: Command \textcircled invalid in math mode on input line 661.


LaTeX Warning: Command \textcircled invalid in math mode on input line 661.


LaTeX Warning: Command \textcircled invalid in math mode on input line 661.


LaTeX Warning: Command \textcircled invalid in math mode on input line 661.


LaTeX Warning: Command \textcircled invalid in math mode on input line 661.


LaTeX Warning: Command \textcircled invalid in math mode on input line 661.

[11

]

LaTeX Warning: Command \textcircled invalid in math mode on input line 661.


LaTeX Warning: Command \textcircled invalid in math mode on input line 661.


LaTeX Warning: Command \textcircled invalid in math mode on input line 669.


LaTeX Warning: Command \textcircled invalid in math mode on input line 669.

[12] [13]
Overfull \hbox (2.26186pt too wide) in paragraph at lines 749--749
[] 
 []


LaTeX Warning: Reference `equa_define_M' on page 14 undefined on input line 749
.


LaTeX Warning: Command \textcircled invalid in math mode on input line 763.


LaTeX Warning: Command \textcircled invalid in math mode on input line 763.


LaTeX Warning: Command \textcircled invalid in math mode on input line 763.


LaTeX Warning: Command \textcircled invalid in math mode on input line 763.


LaTeX Warning: Command \textcircled invalid in math mode on input line 763.


LaTeX Warning: Command \textcircled invalid in math mode on input line 763.


LaTeX Warning: Command \textcircled invalid in math mode on input line 763.


LaTeX Warning: Command \textcircled invalid in math mode on input line 763.


LaTeX Warning: Command \textcircled invalid in math mode on input line 763.


LaTeX Warning: Command \textcircled invalid in math mode on input line 763.


LaTeX Warning: Command \textcircled invalid in math mode on input line 763.


LaTeX Warning: Command \textcircled invalid in math mode on input line 763.

[14]

LaTeX Warning: Command \textcircled invalid in math mode on input line 764.


LaTeX Warning: Command \textcircled invalid in math mode on input line 764.


LaTeX Warning: Command \textcircled invalid in math mode on input line 769.


LaTeX Warning: Command \textcircled invalid in math mode on input line 769.


LaTeX Warning: Command \textcircled invalid in math mode on input line 773.


LaTeX Warning: Command \textcircled invalid in math mode on input line 773.

[15]

LaTeX Warning: Command \textcircled invalid in math mode on input line 833.


LaTeX Warning: Command \textcircled invalid in math mode on input line 833.


LaTeX Warning: Command \textcircled invalid in math mode on input line 833.


LaTeX Warning: Command \textcircled invalid in math mode on input line 833.


Overfull \hbox (13.50697pt too wide) in paragraph at lines 833--833
[] 
 []


LaTeX Warning: Command \textcircled invalid in math mode on input line 833.


LaTeX Warning: Command \textcircled invalid in math mode on input line 833.

[16] [17]

LaTeX Warning: Command \textcircled invalid in math mode on input line 976.


LaTeX Warning: Command \textcircled invalid in math mode on input line 976.


LaTeX Warning: Command \textcircled invalid in math mode on input line 976.


LaTeX Warning: Command \textcircled invalid in math mode on input line 976.


LaTeX Warning: Command \textcircled invalid in math mode on input line 976.


LaTeX Warning: Command \textcircled invalid in math mode on input line 976.


LaTeX Warning: Command \textcircled invalid in math mode on input line 976.


LaTeX Warning: Command \textcircled invalid in math mode on input line 976.


LaTeX Warning: Command \textcircled invalid in math mode on input line 976.


LaTeX Warning: Command \textcircled invalid in math mode on input line 976.


LaTeX Warning: Command \textcircled invalid in math mode on input line 976.


LaTeX Warning: Command \textcircled invalid in math mode on input line 976.

[18]

LaTeX Warning: Command \textcircled invalid in math mode on input line 976.


LaTeX Warning: Command \textcircled invalid in math mode on input line 976.


LaTeX Warning: Command \textcircled invalid in math mode on input line 976.


LaTeX Warning: Command \textcircled invalid in math mode on input line 976.


LaTeX Warning: Command \textcircled invalid in math mode on input line 976.


LaTeX Warning: Command \textcircled invalid in math mode on input line 976.


LaTeX Warning: Command \textcircled invalid in math mode on input line 987.


LaTeX Warning: Command \textcircled invalid in math mode on input line 987.


LaTeX Warning: Command \textcircled invalid in math mode on input line 987.


LaTeX Warning: Command \textcircled invalid in math mode on input line 987.


LaTeX Warning: Command \textcircled invalid in math mode on input line 987.


LaTeX Warning: Command \textcircled invalid in math mode on input line 987.


LaTeX Warning: Command \textcircled invalid in math mode on input line 987.


LaTeX Warning: Command \textcircled invalid in math mode on input line 987.


LaTeX Warning: Command \textcircled invalid in math mode on input line 987.


LaTeX Warning: Command \textcircled invalid in math mode on input line 987.

[19]
Package atveryend Info: Empty hook `BeforeClearDocument' on input line 1061.
 [20]
Package atveryend Info: Empty hook `AfterLastShipout' on input line 1061.
 (./main.aux)
Package atveryend Info: Executing hook `AtVeryEndDocument' on input line 1061.
Package atveryend Info: Empty hook `AtEndAfterFileList' on input line 1061.


LaTeX Warning: There were undefined references.


LaTeX Warning: There were multiply-defined labels.

Package atveryend Info: Empty hook `AtVeryVeryEnd' on input line 1061.
 ) 
Here is how much of TeX's memory you used:
 10916 strings out of 493117
 165221 string characters out of 6135432
 300787 words of memory out of 5000000
 13873 multiletter control sequences out of 15000+600000
 52296 words of font info for 269 fonts, out of 8000000 for 9000
 1141 hyphenation exceptions out of 8191
 36i,19n,45p,2026b,544s stack positions out of 5000i,500n,10000p,200000b,80000s
{/usr/local/texlive/2014/texmf-dist/fonts/enc/dvips/base/8r.enc}</usr/local/t
exlive/2014/texmf-dist/fonts/type1/public/amsfonts/cm/cmbx10.pfb></usr/local/te
xlive/2014/texmf-dist/fonts/type1/public/amsfonts/cm/cmbx7.pfb></usr/local/texl
ive/2014/texmf-dist/fonts/type1/public/amsfonts/cm/cmex10.pfb></usr/local/texli
ve/2014/texmf-dist/fonts/type1/public/amsfonts/cm/cmmi10.pfb></usr/local/texliv
e/2014/texmf-dist/fonts/type1/public/amsfonts/cm/cmmi5.pfb></usr/local/texlive/
2014/texmf-dist/fonts/type1/public/amsfonts/cm/cmmi7.pfb></usr/local/texlive/20
14/texmf-dist/fonts/type1/public/amsfonts/cm/cmmi9.pfb></usr/local/texlive/2014
/texmf-dist/fonts/type1/public/amsfonts/cm/cmr10.pfb></usr/local/texlive/2014/t
exmf-dist/fonts/type1/public/amsfonts/cm/cmr5.pfb></usr/local/texlive/2014/texm
f-dist/fonts/type1/public/amsfonts/cm/cmr7.pfb></usr/local/texlive/2014/texmf-d
ist/fonts/type1/public/amsfonts/cm/cmr9.pfb></usr/local/texlive/2014/texmf-dist
/fonts/type1/public/amsfonts/cm/cmsy10.pfb></usr/local/texlive/2014/texmf-dist/
fonts/type1/public/amsfonts/cm/cmsy5.pfb></usr/local/texlive/2014/texmf-dist/fo
nts/type1/public/amsfonts/cm/cmsy7.pfb></usr/local/texlive/2014/texmf-dist/font
s/type1/public/amsfonts/cm/cmsy9.pfb></usr/local/texlive/2014/texmf-dist/fonts/
type1/public/amsfonts/symbols/msam10.pfb></usr/local/texlive/2014/texmf-dist/fo
nts/type1/public/amsfonts/symbols/msbm10.pfb></usr/local/texlive/2014/texmf-dis
t/fonts/type1/public/amsfonts/symbols/msbm7.pfb></usr/local/texlive/2014/texmf-
dist/fonts/type1/urw/courier/ucrr8a.pfb></usr/local/texlive/2014/texmf-dist/fon
ts/type1/urw/times/utmb8a.pfb></usr/local/texlive/2014/texmf-dist/fonts/type1/u
rw/times/utmr8a.pfb></usr/local/texlive/2014/texmf-dist/fonts/type1/urw/times/u
tmr8a.pfb></usr/local/texlive/2014/texmf-dist/fonts/type1/urw/times/utmri8a.pfb
>
Output written on main.pdf (20 pages, 634262 bytes).
PDF statistics:
 346 PDF objects out of 1000 (max. 8388607)
 246 compressed objects within 3 object streams
 0 named destinations out of 1000 (max. 500000)
 38466 words of extra memory for PDF output out of 42996 (max. 10000000)

